============================= test session starts =============================
platform win32 -- Python 3.13.13, pytest-9.1.1, pluggy-1.6.0 -- C:\Users\liude\AppData\Local\Programs\Python\Python313\python.exe
cachedir: .pytest_cache
rootdir: D:\文档\GitHub\osai\pyrit-pipeline
configfile: pyproject.toml
plugins: anyio-4.14.1, langsmith-0.10.10, asyncio-1.4.0, cov-7.1.0
asyncio: mode=Mode.AUTO, debug=False, asyncio_default_fixture_loop_scope=function, asyncio_default_test_loop_scope=function
collecting ... collected 1332 items

tests/integration/test_pipeline_e2e.py::TestContextDataFlow::test_stage1_to_stage2_data_flow PASSED [  0%]
tests/integration/test_pipeline_e2e.py::TestContextDataFlow::test_stage2_to_stage3_data_flow PASSED [  0%]
tests/integration/test_pipeline_e2e.py::TestContextDataFlow::test_stage4_to_stage5_data_flow PASSED [  0%]
tests/integration/test_pipeline_e2e.py::TestContextDataFlow::test_stage5_to_stage6_data_flow PASSED [  0%]
tests/integration/test_pipeline_e2e.py::TestEmpiricalASRLoop::test_save_and_load_per_model PASSED [  0%]
tests/integration/test_pipeline_e2e.py::TestEmpiricalASRLoop::test_merge_empirical_with_model_name PASSED [  0%]
tests/integration/test_pipeline_e2e.py::TestEmpiricalASRLoop::test_global_fallback_compatibility PASSED [  0%]
tests/integration/test_pipeline_e2e.py::TestConverterRoutingChain::test_build_technique_converter_map_gradient PASSED [  0%]
tests/integration/test_pipeline_e2e.py::TestEvidenceChain::test_collect_evidence_from_results PASSED [  0%]
tests/integration/test_pipeline_e2e.py::TestWebBridge::test_create_shared_output_manager PASSED [  0%]
tests/integration/test_pipeline_e2e.py::TestWebBridge::test_collect_web_redteam_evidence_no_result PASSED [  0%]
tests/integration/test_pipeline_e2e.py::TestWebBridge::test_collect_web_redteam_evidence_with_results PASSED [  0%]
tests/pipeline/test_agent_attack_scenarios.py::TestXPIAAgentAttack::test_injection_vectors_count PASSED [  0%]
tests/pipeline/test_agent_attack_scenarios.py::TestXPIAAgentAttack::test_injection_vectors_have_owasp PASSED [  1%]
tests/pipeline/test_agent_attack_scenarios.py::TestXPIAAgentAttack::test_run_no_target PASSED [  1%]
tests/pipeline/test_agent_attack_scenarios.py::TestIdentityAuthorizationAttack::test_scenario_count PASSED [  1%]
tests/pipeline/test_agent_attack_scenarios.py::TestIdentityAuthorizationAttack::test_scenarios_have_objectives PASSED [  1%]
tests/pipeline/test_agent_attack_scenarios.py::TestIdentityAuthorizationAttack::test_run_no_target PASSED [  1%]
tests/pipeline/test_agent_attack_scenarios.py::TestHumanTrustExploitation::test_scenario_count PASSED [  1%]
tests/pipeline/test_agent_attack_scenarios.py::TestHumanTrustExploitation::test_native_executor_is_crescendo PASSED [  1%]
tests/pipeline/test_agent_attack_scenarios.py::TestHumanTrustExploitation::test_run_no_target PASSED [  1%]
tests/pipeline/test_agent_attack_scenarios.py::TestAgentUntraceability::test_probe_count PASSED [  1%]
tests/pipeline/test_agent_attack_scenarios.py::TestAgentUntraceability::test_probes_have_descriptions PASSED [  1%]
tests/pipeline/test_agent_attack_scenarios.py::TestAgentUntraceability::test_run_no_target PASSED [  1%]
tests/pipeline/test_agent_attack_scenarios.py::TestMultiAgentAttack::test_chain_count PASSED [  1%]
tests/pipeline/test_agent_attack_scenarios.py::TestMultiAgentAttack::test_chains_have_owasp_codes PASSED [  1%]
tests/pipeline/test_agent_attack_scenarios.py::TestMultiAgentAttack::test_native_executor_is_sequential PASSED [  2%]
tests/pipeline/test_agent_attack_scenarios.py::TestMultiAgentAttack::test_run_no_target PASSED [  2%]
tests/pipeline/test_agent_attack_scenarios.py::TestGetAttackTargets::test_no_targets PASSED [  2%]
tests/pipeline/test_agent_attack_scenarios.py::TestGetAttackTargets::test_single_target PASSED [  2%]
tests/pipeline/test_agent_attack_scenarios.py::TestGetAttackTargets::test_three_targets PASSED [  2%]
tests/pipeline/test_ai_vss_bridge.py::TestAIVSSBridge::test_augment_true_false_successful PASSED [  2%]
tests/pipeline/test_ai_vss_bridge.py::TestAIVSSBridge::test_augment_true_false_failed PASSED [  2%]
tests/pipeline/test_ai_vss_bridge.py::TestAIVSSBridge::test_augment_float_scale_successful PASSED [  2%]
tests/pipeline/test_ai_vss_bridge.py::TestAIVSSBridge::test_augment_float_scale_failed PASSED [  2%]
tests/pipeline/test_ai_vss_bridge.py::TestAIVSSBridge::test_owasp_modifier_mapping PASSED [  2%]
tests/pipeline/test_ai_vss_bridge.py::TestAIVSSBridge::test_owasp_modifier_mapping_asi08 PASSED [  2%]
tests/pipeline/test_ai_vss_bridge.py::TestAIVSSBridge::test_owasp_modifier_mapping_asi09 PASSED [  2%]
tests/pipeline/test_ai_vss_bridge.py::TestAIVSSBridge::test_owasp_modifier_mapping_asi10 PASSED [  2%]
tests/pipeline/test_ai_vss_bridge.py::TestAIVSSBridge::test_multiple_owasp_codes PASSED [  3%]
tests/pipeline/test_ai_vss_bridge.py::TestAIVSSBridge::test_type_inferred_modifiers PASSED [  3%]
tests/pipeline/test_ai_vss_bridge.py::TestAIVSSBridge::test_mcp_type_inferred_modifiers PASSED [  3%]
tests/pipeline/test_ai_vss_bridge.py::TestAIVSSBridge::test_no_owasp_codes PASSED [  3%]
tests/pipeline/test_ai_vss_bridge.py::TestAIVSSBridge::test_unknown_attack_type PASSED [  3%]
tests/pipeline/test_ai_vss_bridge.py::TestAIVSSBridge::test_to_dict PASSED [  3%]
tests/pipeline/test_ai_vss_bridge.py::TestAIVSSBridgeBatch::test_augment_scores_batch PASSED [  3%]
tests/pipeline/test_ai_vss_bridge.py::TestAIVSSBridgeBatch::test_augment_scores_batch_empty PASSED [  3%]
tests/pipeline/test_ai_vss_bridge.py::TestAIVSSBridgeSummary::test_generate_summary PASSED [  3%]
tests/pipeline/test_ai_vss_bridge.py::TestAIVSSBridgeSummary::test_generate_summary_empty PASSED [  3%]
tests/pipeline/test_ai_vss_bridge.py::TestAIVSSBridgeSummary::test_generate_summary_all_successful PASSED [  3%]
tests/pipeline/test_ai_vss_bridge.py::TestAIVSSBridgeIsSuccessful::test_true_false_true PASSED [  3%]
tests/pipeline/test_ai_vss_bridge.py::TestAIVSSBridgeIsSuccessful::test_true_false_false PASSED [  3%]
tests/pipeline/test_ai_vss_bridge.py::TestAIVSSBridgeIsSuccessful::test_float_scale_high PASSED [  3%]
tests/pipeline/test_ai_vss_bridge.py::TestAIVSSBridgeIsSuccessful::test_float_scale_low PASSED [  4%]
tests/pipeline/test_ai_vss_bridge.py::TestAIVSSBridgeIsSuccessful::test_float_scale_invalid PASSED [  4%]
tests/pipeline/test_ai_vss_bridge.py::TestAIVSSBridgeIsSuccessful::test_unknown_type PASSED [  4%]
tests/pipeline/test_ai_vss_bridge.py::TestAIVSSBridgeIntegration::test_native_score_field_mapping PASSED [  4%]
tests/pipeline/test_ai_vss_bridge.py::TestAIVSSBridgeIntegration::test_augmented_score_to_dict_serializable PASSED [  4%]
tests/pipeline/test_asr_optimizer.py::TestComputeStats::test_basic_stats PASSED [  4%]
tests/pipeline/test_asr_optimizer.py::TestComputeStats::test_zero_successes PASSED [  4%]
tests/pipeline/test_asr_optimizer.py::TestComputeStats::test_all_success PASSED [  4%]
tests/pipeline/test_asr_optimizer.py::TestComputeStats::test_no_decided PASSED [  4%]
tests/pipeline/test_asr_optimizer.py::TestComputeStats::test_errors_included PASSED [  4%]
tests/pipeline/test_asr_optimizer.py::TestQueryHistoricalASRByCategory::test_empty_memory PASSED [  4%]
tests/pipeline/test_asr_optimizer.py::TestQueryHistoricalASRByCategory::test_with_results PASSED [  4%]
tests/pipeline/test_asr_optimizer.py::TestQueryHistoricalASRByCategory::test_database_exception_returns_empty PASSED [  4%]
tests/pipeline/test_asr_optimizer.py::TestSortDatasetsByASR::test_empty_input PASSED [  5%]
tests/pipeline/test_asr_optimizer.py::TestSortDatasetsByASR::test_no_asr_data_preserves_order PASSED [  5%]
tests/pipeline/test_asr_optimizer.py::TestSortDatasetsByASR::test_unknown_dataset_gets_default_score PASSED [  5%]
tests/pipeline/test_asr_optimizer.py::TestSortDatasetsByASR::test_high_asr_dataset_first PASSED [  5%]
tests/pipeline/test_asr_optimizer.py::TestQueryHistoricalASRByTechnique::test_empty_memory PASSED [  5%]
tests/pipeline/test_asr_optimizer.py::TestQueryHistoricalASRByTechnique::test_with_results PASSED [  5%]
tests/pipeline/test_asr_optimizer.py::TestQueryHistoricalASRByTechnique::test_database_exception_returns_empty PASSED [  5%]
tests/pipeline/test_asr_optimizer.py::TestQueryCurrentRunASRByTechnique::test_empty_scenario_id PASSED [  5%]
tests/pipeline/test_asr_optimizer.py::TestQueryCurrentRunASRByTechnique::test_no_completed_results PASSED [  5%]
tests/pipeline/test_asr_optimizer.py::TestQueryCurrentRunASRByTechnique::test_with_completed_results PASSED [  5%]
tests/pipeline/test_asr_optimizer.py::TestQueryCurrentRunASRByTechnique::test_database_exception_returns_empty PASSED [  5%]
tests/pipeline/test_asr_optimizer.py::TestSummaryFunctions::test_get_asr_summary_empty PASSED [  5%]
tests/pipeline/test_asr_optimizer.py::TestSummaryFunctions::test_get_asr_summary_with_data PASSED [  5%]
tests/pipeline/test_asr_optimizer.py::TestSummaryFunctions::test_get_technique_asr_summary_empty PASSED [  6%]
tests/pipeline/test_asr_optimizer.py::TestSummaryFunctions::test_get_current_run_asr_summary_empty PASSED [  6%]
tests/pipeline/test_asr_optimizer.py::TestSummaryFunctions::test_get_current_run_asr_summary_with_data PASSED [  6%]
tests/pipeline/test_asr_priority_sampling.py::TestExtractAsrPriorityFromItem::test_metadata_asr_priority PASSED [  6%]
tests/pipeline/test_asr_priority_sampling.py::TestExtractAsrPriorityFromItem::test_metadata_asr_priority_int PASSED [  6%]
tests/pipeline/test_asr_priority_sampling.py::TestExtractAsrPriorityFromItem::test_no_metadata_returns_zero PASSED [  6%]
tests/pipeline/test_asr_priority_sampling.py::TestExtractAsrPriorityFromItem::test_seed_text_matching PASSED [  6%]
tests/pipeline/test_asr_priority_sampling.py::TestExtractAsrPriorityFromItem::test_seeds_list_matching PASSED [  6%]
tests/pipeline/test_asr_priority_sampling.py::TestExtractAsrPriorityFromItem::test_no_match_returns_zero PASSED [  6%]
tests/pipeline/test_asr_priority_sampling.py::TestApplyAsrPrioritySamplingPatch::test_patch_replaces_method PASSED [  6%]
tests/pipeline/test_asr_priority_sampling.py::TestApplyAsrPrioritySamplingPatch::test_patch_restores_original_on_no_priority PASSED [  6%]
tests/pipeline/test_asr_priority_sampling.py::TestApplyAsrPrioritySamplingPatch::test_patch_none_seed_asr_data_with_category PASSED [  6%]
tests/pipeline/test_asr_priority_sampling.py::TestApplyAsrPrioritySamplingPatch::test_patch_combined_asr_and_category PASSED [  6%]
tests/pipeline/test_asr_priority_sampling.py::TestApplyAsrPrioritySamplingPatch::test_patch_selects_high_asr_seeds PASSED [  6%]
tests/pipeline/test_asr_priority_sampling.py::TestApplyAsrPrioritySamplingPatch::test_patch_no_sampling_when_under_limit PASSED [  7%]
tests/pipeline/test_asr_priority_sampling.py::TestApplyAsrPrioritySamplingPatch::test_patch_none_max_dataset_size_returns_all PASSED [  7%]
tests/pipeline/test_asr_priority_sampling.py::TestExtractModelCategoryPriorityFromItem::test_metadata_model_category_priority PASSED [  7%]
tests/pipeline/test_asr_priority_sampling.py::TestExtractModelCategoryPriorityFromItem::test_metadata_model_category_priority_int PASSED [  7%]
tests/pipeline/test_asr_priority_sampling.py::TestExtractModelCategoryPriorityFromItem::test_seeds_list_metadata PASSED [  7%]
tests/pipeline/test_asr_priority_sampling.py::TestExtractModelCategoryPriorityFromItem::test_no_priority_returns_zero PASSED [  7%]
tests/pipeline/test_asr_priority_sampling.py::TestExtractModelCategoryPriorityFromItem::test_none_metadata_returns_zero PASSED [  7%]
tests/pipeline/test_asr_priority_sampling.py::TestExtractCombinedPriorityFromItem::test_both_asr_and_category PASSED [  7%]
tests/pipeline/test_asr_priority_sampling.py::TestExtractCombinedPriorityFromItem::test_only_asr PASSED [  7%]
tests/pipeline/test_asr_priority_sampling.py::TestExtractCombinedPriorityFromItem::test_only_category PASSED [  7%]
tests/pipeline/test_asr_priority_sampling.py::TestExtractCombinedPriorityFromItem::test_neither_returns_zero PASSED [  7%]
tests/pipeline/test_asr_priority_sampling.py::TestExtractCombinedPriorityFromItem::test_custom_weights PASSED [  7%]
tests/pipeline/test_asr_priority_sampling.py::TestExtractCombinedPriorityFromItem::test_asr_dominates_when_both_present PASSED [  7%]
tests/pipeline/test_asr_priority_sampling.py::TestInjectModelCategoryPriorityToSeeds::test_inject_known_category PASSED [  8%]
tests/pipeline/test_asr_priority_sampling.py::TestInjectModelCategoryPriorityToSeeds::test_inject_unknown_category PASSED [  8%]
tests/pipeline/test_asr_priority_sampling.py::TestInjectModelCategoryPriorityToSeeds::test_inject_last_category PASSED [  8%]
tests/pipeline/test_asr_priority_sampling.py::TestInjectModelCategoryPriorityToSeeds::test_inject_empty_priority_list PASSED [  8%]
tests/pipeline/test_asr_priority_sampling.py::TestInjectModelCategoryPriorityToSeeds::test_inject_handles_exception_gracefully PASSED [  8%]
tests/pipeline/test_asr_priority_sampling.py::TestInferSeedCategoryEnhanced::test_context_compliance_maps_to_persuasion PASSED [  8%]
tests/pipeline/test_asr_priority_sampling.py::TestInferSeedCategoryEnhanced::test_prompt_sending_falls_to_baseline PASSED [  8%]
tests/pipeline/test_asr_priority_sampling.py::TestInferSeedCategoryEnhanced::test_attack_mode_multi_turn_overrides PASSED [  8%]
tests/pipeline/test_asr_priority_sampling.py::TestInferSeedCategoryEnhanced::test_text_keyword_pretend_maps_to_role_play PASSED [  8%]
tests/pipeline/test_asr_priority_sampling.py::TestInferSeedCategoryEnhanced::test_text_keyword_override_maps_to_persuasion PASSED [  8%]
tests/pipeline/test_asr_priority_sampling.py::TestInferSeedCategoryEnhanced::test_no_metadata_falls_to_baseline PASSED [  8%]
tests/pipeline/test_asr_priority_sampling.py::TestComputeDynamicWeights::test_cold_start_few_seeds PASSED [  8%]
tests/pipeline/test_asr_priority_sampling.py::TestComputeDynamicWeights::test_transition_medium_seeds PASSED [  8%]
tests/pipeline/test_asr_priority_sampling.py::TestComputeDynamicWeights::test_mature_many_seeds PASSED [  9%]
tests/pipeline/test_asr_priority_sampling.py::TestComputeDynamicWeights::test_boundary_9_seeds PASSED [  9%]
tests/pipeline/test_asr_priority_sampling.py::TestComputeDynamicWeights::test_boundary_10_seeds PASSED [  9%]
tests/pipeline/test_asr_priority_sampling.py::TestComputeDynamicWeights::test_boundary_49_seeds PASSED [  9%]
tests/pipeline/test_asr_priority_sampling.py::TestComputeDynamicWeights::test_boundary_50_seeds PASSED [  9%]
tests/pipeline/test_asr_priority_sampling.py::TestComputeDynamicWeights::test_weights_sum_to_one PASSED [  9%]
tests/pipeline/test_asr_priority_sampling.py::TestInjectWithDifficultyTieBreaker::test_easy_difficulty_boosts_score PASSED [  9%]
tests/pipeline/test_asr_priority_sampling.py::TestInjectWithDifficultyTieBreaker::test_hard_difficulty_reduces_score PASSED [  9%]
tests/pipeline/test_asr_priority_sampling.py::TestInjectWithDifficultyTieBreaker::test_high_evasion_boosts_score PASSED [  9%]
tests/pipeline/test_asr_priority_sampling.py::TestInjectWithDifficultyTieBreaker::test_score_clamped_to_zero PASSED [  9%]
tests/pipeline/test_asr_priority_sampling.py::TestInjectWithDifficultyTieBreaker::test_score_clamped_to_one PASSED [  9%]
tests/pipeline/test_asr_priority_sampling.py::TestExtractTechniqueFromResult::test_valid_str_returned PASSED [  9%]
tests/pipeline/test_asr_priority_sampling.py::TestExtractTechniqueFromResult::test_non_str_returns_unknown PASSED [  9%]
tests/pipeline/test_asr_priority_sampling.py::TestExtractTechniqueFromResult::test_exception_returns_unknown PASSED [  9%]
tests/pipeline/test_attack_display.py::TestTargetProfileBlock1::test_cold_start_risk_all_cold PASSED [ 10%]
tests/pipeline/test_attack_display.py::TestTargetProfileBlock1::test_cold_start_risk_partial PASSED [ 10%]
tests/pipeline/test_attack_display.py::TestTargetProfileBlock1::test_no_warm_start_no_crash PASSED [ 10%]
tests/pipeline/test_attack_display.py::TestTargetProfileBlock1::test_converter_health_monitor_displayed PASSED [ 10%]
tests/pipeline/test_attack_display.py::TestAttackVectorCoverage::test_empty_datasets_no_crash PASSED [ 10%]
tests/pipeline/test_attack_display.py::TestAttackVectorCoverage::test_with_owasp_datasets PASSED [ 10%]
tests/pipeline/test_attack_display.py::TestAttackVectorCoverage::test_with_benchmark_datasets PASSED [ 10%]
tests/pipeline/test_attack_display.py::TestAttackVectorCoverage::test_dos_excluded_annotation PASSED [ 10%]
tests/pipeline/test_attack_display.py::TestAttackVectorCoverage::test_none_datasets_no_crash PASSED [ 10%]
tests/pipeline/test_attack_display.py::TestAttackLoadoutBlock3::test_empty_attacks_no_crash PASSED [ 10%]
tests/pipeline/test_attack_display.py::TestAttackLoadoutBlock3::test_fallback_chain_displayed PASSED [ 10%]
tests/pipeline/test_attack_display.py::TestAttackLoadoutBlock3::test_converter_gain_displayed PASSED [ 10%]
tests/pipeline/test_attack_display.py::TestResilienceConfigBlock4::test_scorer_type_displayed PASSED [ 10%]
tests/pipeline/test_attack_display.py::TestResilienceConfigBlock4::test_converter_circuit_breaker_displayed PASSED [ 11%]
tests/pipeline/test_attack_display.py::TestResilienceConfigBlock4::test_budget_estimation PASSED [ 11%]
tests/pipeline/test_attack_display.py::TestResilienceConfigBlock4::test_budget_empty_attacks PASSED [ 11%]
tests/pipeline/test_attack_display.py::TestAttackReadinessBlock5::test_owasp_coverage_count PASSED [ 11%]
tests/pipeline/test_attack_display.py::TestAttackReadinessBlock5::test_owasp_coverage_empty PASSED [ 11%]
tests/pipeline/test_attack_display.py::TestAttackReadinessBlock5::test_scorer_type_name PASSED [ 11%]
tests/pipeline/test_attack_display.py::TestAttackReadinessBlock5::test_scorer_type_name_none PASSED [ 11%]
tests/pipeline/test_attack_display.py::TestAttackReadinessBlock5::test_expected_asr_strong PASSED [ 11%]
tests/pipeline/test_attack_display.py::TestAttackReadinessBlock5::test_enhancement_delta_cold_start PASSED [ 11%]
tests/pipeline/test_attack_display.py::TestAttackReadinessBlock5::test_enhancement_delta_with_asr FAILED [ 11%]
tests/pipeline/test_attack_enhancement_g1_g12.py::TestMultiTurnSessionOrchestrator::test_run_no_target_mock PASSED [ 11%]
tests/pipeline/test_attack_enhancement_g1_g12.py::TestMultiTurnSessionOrchestrator::test_phases_progression PASSED [ 11%]
tests/pipeline/test_attack_enhancement_g1_g12.py::TestMultiTurnSessionOrchestrator::test_get_phase_for_turn PASSED [ 11%]
tests/pipeline/test_attack_enhancement_g1_g12.py::TestMultiTurnSessionOrchestrator::test_generate_message_phases PASSED [ 12%]
tests/pipeline/test_attack_enhancement_g1_g12.py::TestBlindInferenceOrchestrator::test_run_no_target_mock PASSED [ 12%]
tests/pipeline/test_attack_enhancement_g1_g12.py::TestBlindInferenceOrchestrator::test_probe_prefixes PASSED [ 12%]
tests/pipeline/test_attack_enhancement_g1_g12.py::TestBlindInferenceOrchestrator::test_calculate_confidence_empty PASSED [ 12%]
tests/pipeline/test_attack_enhancement_g1_g12.py::TestBlindInferenceOrchestrator::test_synthesize_system_prompt_empty PASSED [ 12%]
tests/pipeline/test_attack_enhancement_g1_g12.py::TestMCPProbes::test_get_all_probes_count PASSED [ 12%]
tests/pipeline/test_attack_enhancement_g1_g12.py::TestMCPProbes::test_get_probe_by_id PASSED [ 12%]
tests/pipeline/test_attack_enhancement_g1_g12.py::TestMCPProbes::test_get_probe_by_id_not_found PASSED [ 12%]
tests/pipeline/test_attack_enhancement_g1_g12.py::TestMCPProbes::test_get_probes_by_owasp PASSED [ 12%]
tests/pipeline/test_attack_enhancement_g1_g12.py::TestMCPProbes::test_evaluate_probe_response_success PASSED [ 12%]
tests/pipeline/test_attack_enhancement_g1_g12.py::TestMCPProbes::test_evaluate_probe_response_failure PASSED [ 12%]
tests/pipeline/test_attack_enhancement_g1_g12.py::TestMCPProbes::test_get_owasp_coverage PASSED [ 12%]
tests/pipeline/test_attack_enhancement_g1_g12.py::TestMCPProbes::test_all_probes_have_owasp_codes PASSED [ 12%]
tests/pipeline/test_attack_enhancement_g1_g12.py::TestMCPProbes::test_all_probes_have_success_indicators PASSED [ 12%]
tests/pipeline/test_attack_enhancement_g1_g12.py::TestBackdoorProbeOrchestrator::test_run_no_target_mock PASSED [ 13%]
tests/pipeline/test_attack_enhancement_g1_g12.py::TestBackdoorProbeOrchestrator::test_calculate_anomaly_empty PASSED [ 13%]
tests/pipeline/test_attack_enhancement_g1_g12.py::TestBackdoorProbeOrchestrator::test_calculate_anomaly_mock PASSED [ 13%]
tests/pipeline/test_attack_enhancement_g1_g12.py::TestBackdoorProbeOrchestrator::test_calculate_anomaly_cooperating PASSED [ 13%]
tests/pipeline/test_attack_enhancement_g1_g12.py::TestBackdoorProbeOrchestrator::test_magic_phrases_not_empty PASSED [ 13%]
tests/pipeline/test_attack_enhancement_g1_g12.py::TestBackdoorProbeOrchestrator::test_dead_man_tokens_not_empty PASSED [ 13%]
tests/pipeline/test_auto_converters.py::TestBuildAutoConverterMap::test_empty_technique_names_returns_empty PASSED [ 13%]
tests/pipeline/test_auto_converters.py::TestBuildAutoConverterMap::test_known_technique_gets_converters PASSED [ 13%]
tests/pipeline/test_auto_converters.py::TestBuildAutoConverterMap::test_unknown_technique_skipped PASSED [ 13%]
tests/pipeline/test_auto_converters.py::TestBuildAutoConverterMap::test_multiple_techniques_matched PASSED [ 13%]
tests/pipeline/test_auto_converters.py::TestBuildAutoConverterMap::test_variant_technique_name_handled PASSED [ 13%]
tests/pipeline/test_auto_converters.py::TestBuildAutoConverterMap::test_single_chain_per_technique PASSED [ 13%]
tests/pipeline/test_auto_converters.py::TestBuildAutoConverterMap::test_chains_sorted_by_priority PASSED [ 13%]
tests/pipeline/test_auto_converters.py::TestLLMChainFiltering::test_llm_chains_excluded_without_converter_target PASSED [ 14%]
tests/pipeline/test_auto_converters.py::TestLLMChainFiltering::test_llm_chains_excluded_for_weak_model PASSED [ 14%]
tests/pipeline/test_auto_converters.py::TestLLMChainFiltering::test_non_llm_chains_always_included PASSED [ 14%]
tests/pipeline/test_auto_converters.py::TestLLMChainFiltering::test_crescendo_gets_encoding_chains PASSED [ 14%]
tests/pipeline/test_auto_converters.py::TestAutoConvertersFlag::test_auto_converters_default_true PASSED [ 14%]
tests/pipeline/test_auto_converters.py::TestAutoConvertersFlag::test_no_auto_converters_sets_false PASSED [ 14%]
tests/pipeline/test_auto_converters.py::TestAutoConvertersFlag::test_auto_converters_explicit_flag PASSED [ 14%]
tests/pipeline/test_auto_converters.py::TestTargetTypeDetectionFix::test_mock_args_has_auto_converters PASSED [ 14%]
tests/pipeline/test_auto_converters.py::TestTargetTypeDetectionFix::test_get_by_tag_used_for_default_target PASSED [ 14%]
tests/pipeline/test_auto_converters.py::TestTargetTypeDetectionFix::test_exception_handling_broadened PASSED [ 14%]
tests/pipeline/test_auto_converters.py::TestLayer3Integration::test_layer3_activates_when_layer1_and_layer2_fail PASSED [ 14%]
tests/pipeline/test_auto_converters.py::TestLayer3Integration::test_layer3_does_not_activate_with_empty_techniques PASSED [ 14%]
tests/pipeline/test_auto_converters.py::TestLayer3Integration::test_layer3_output_is_valid_converter_list PASSED [ 14%]
tests/pipeline/test_auto_converters.py::TestLayer3Integration::test_layer3_technique_coverage PASSED [ 15%]
tests/pipeline/test_auto_converters.py::TestLayer3Integration::test_layer3_crescendo_encoding_combo PASSED [ 15%]
tests/pipeline/test_auto_converters.py::TestConverterTargetPassThrough::test_converter_target_none_when_not_available PASSED [ 15%]
tests/pipeline/test_auto_converters.py::TestConverterTargetPassThrough::test_converter_target_passed_to_llm_chains PASSED [ 15%]
tests/pipeline/test_auto_converters.py::TestConverterTargetPassThrough::test_converter_target_not_passed_for_weak_model PASSED [ 15%]
tests/pipeline/test_auto_converters.py::TestPayloadAffinity::test_infer_payload_categories_encoding PASSED [ 15%]
tests/pipeline/test_auto_converters.py::TestPayloadAffinity::test_infer_payload_categories_persuasion PASSED [ 15%]
tests/pipeline/test_auto_converters.py::TestPayloadAffinity::test_infer_payload_categories_multi_category PASSED [ 15%]
tests/pipeline/test_auto_converters.py::TestPayloadAffinity::test_infer_payload_categories_empty PASSED [ 15%]
tests/pipeline/test_auto_converters.py::TestPayloadAffinity::test_infer_payload_categories_unknown PASSED [ 15%]
tests/pipeline/test_auto_converters.py::TestPayloadAffinity::test_payload_affinity_boosts_encoding_chains PASSED [ 15%]
tests/pipeline/test_auto_converters.py::TestPayloadAffinity::test_payload_affinity_with_crescendo PASSED [ 15%]
tests/pipeline/test_auto_converters.py::TestPayloadAffinity::test_no_dataset_names_no_affinity PASSED [ 15%]
tests/pipeline/test_benchmark_curate.py::TestGenerateSyntheticSeeds::test_generate_default_count PASSED [ 15%]
tests/pipeline/test_benchmark_curate.py::TestGenerateSyntheticSeeds::test_generate_reproducible PASSED [ 16%]
tests/pipeline/test_benchmark_curate.py::TestGenerateSyntheticSeeds::test_generate_has_categories PASSED [ 16%]
tests/pipeline/test_benchmark_curate.py::TestBenchmarkDedup::test_dedup_small_scale PASSED [ 16%]
tests/pipeline/test_benchmark_curate.py::TestBenchmarkTfidfClustering::test_clustering_small_scale PASSED [ 16%]
tests/pipeline/test_benchmark_curate.py::TestBenchmarkAsrRanking::test_ranking_small_scale PASSED [ 16%]
tests/pipeline/test_benchmark_curate.py::TestRunBenchmark::test_run_benchmark_small PASSED [ 16%]
tests/pipeline/test_content_filter_ext.py::TestHeuristicDetection::test_dict_with_security_keyword PASSED [ 16%]
tests/pipeline/test_content_filter_ext.py::TestHeuristicDetection::test_dict_without_keywords PASSED [ 16%]
tests/pipeline/test_content_filter_ext.py::TestHeuristicDetection::test_string_with_security_keyword PASSED [ 16%]
tests/pipeline/test_content_filter_ext.py::TestHeuristicDetection::test_string_without_keywords PASSED [ 16%]
tests/pipeline/test_content_filter_ext.py::TestHeuristicDetection::test_chinese_keywords PASSED [ 16%]
tests/pipeline/test_content_filter_ext.py::TestHeuristicDetection::test_empty_dict PASSED [ 16%]
tests/pipeline/test_content_filter_ext.py::TestHeuristicDetection::test_empty_string PASSED [ 16%]
tests/pipeline/test_content_filter_ext.py::TestHeuristicDetection::test_suggested_markers_extraction PASSED [ 17%]
tests/pipeline/test_content_filter_ext.py::TestExtendContentFilterMarkers::test_returns_frozenset SKIPPED [ 17%]
tests/pipeline/test_content_filter_ext.py::TestExtendContentFilterMarkers::test_contains_native_markers SKIPPED [ 17%]
tests/pipeline/test_content_filter_ext.py::TestExtendContentFilterMarkers::test_contains_default_extra_markers SKIPPED [ 17%]
tests/pipeline/test_content_filter_ext.py::TestExtendContentFilterMarkers::test_native_markers_not_lost SKIPPED [ 17%]
tests/pipeline/test_content_filter_ext.py::TestExtendContentFilterMarkers::test_yaml_config_loading SKIPPED [ 17%]
tests/pipeline/test_content_filter_ext.py::TestPersistDiscoveredMarkers::test_persist_and_load PASSED [ 17%]
tests/pipeline/test_context.py::TestPipelineContext::test_default_values PASSED [ 17%]
tests/pipeline/test_context.py::TestPipelineContext::test_with_args PASSED [ 17%]
tests/pipeline/test_context.py::TestPipelineContext::test_metadata_mutable PASSED [ 17%]
tests/pipeline/test_context.py::TestPipelineContext::test_asr_per_technique_mutable PASSED [ 17%]
tests/pipeline/test_context.py::TestPipelineContext::test_metadata_isolated PASSED [ 17%]
tests/pipeline/test_context.py::TestPipelineContext::test_asr_per_technique_isolated PASSED [ 17%]
tests/pipeline/test_contract_validator.py::TestContractResult::test_pass PASSED [ 18%]
tests/pipeline/test_contract_validator.py::TestContractResult::test_fail PASSED [ 18%]
tests/pipeline/test_contract_validator.py::TestContractValidator::test_validate_stage_1_to_2_pass PASSED [ 18%]
tests/pipeline/test_contract_validator.py::TestContractValidator::test_validate_stage_1_to_2_fail PASSED [ 18%]
tests/pipeline/test_contract_validator.py::TestContractValidator::test_validate_stage_2_to_3_pass PASSED [ 18%]
tests/pipeline/test_contract_validator.py::TestContractValidator::test_validate_stage_2_to_3_fail PASSED [ 18%]
tests/pipeline/test_contract_validator.py::TestContractValidator::test_validate_stage_05_to_1 PASSED [ 18%]
tests/pipeline/test_contract_validator.py::TestContractValidator::test_validate_empty_contract PASSED [ 18%]
tests/pipeline/test_contract_validator.py::TestContractValidator::test_validate_with_warnings PASSED [ 18%]
tests/pipeline/test_contract_validator.py::TestContractValidator::test_validate_string_stage PASSED [ 18%]
tests/pipeline/test_converter_factory.py::TestCreateConverters::test_create_single_converter PASSED [ 18%]
tests/pipeline/test_converter_factory.py::TestCreateConverters::test_create_multiple_converters PASSED [ 18%]
tests/pipeline/test_converter_factory.py::TestCreateConverters::test_case_insensitive PASSED [ 18%]
tests/pipeline/test_converter_factory.py::TestCreateConverters::test_unknown_converter_raises PASSED [ 18%]
tests/pipeline/test_converter_factory.py::TestCreateConverters::test_empty_list PASSED [ 19%]
tests/pipeline/test_converter_factory.py::TestBuildTechniqueConverterMap::test_no_asr_data_uniform_routing PASSED [ 19%]
tests/pipeline/test_converter_factory.py::TestBuildTechniqueConverterMap::test_asr_driven_routing PASSED [ 19%]
tests/pipeline/test_converter_factory.py::TestBuildTechniqueConverterMap::test_empty_converter_names PASSED [ 19%]
tests/pipeline/test_converter_factory.py::TestBuildTechniqueConverterMap::test_all_zero_asr_uniform PASSED [ 19%]
tests/pipeline/test_converter_factory.py::TestBuildConvertersFromChainNames::test_single_non_llm_chain PASSED [ 19%]
tests/pipeline/test_converter_factory.py::TestBuildConvertersFromChainNames::test_multiple_non_llm_chains PASSED [ 19%]
tests/pipeline/test_converter_factory.py::TestBuildConvertersFromChainNames::test_dedup_same_converter_class PASSED [ 19%]
tests/pipeline/test_converter_factory.py::TestBuildConvertersFromChainNames::test_llm_chain_without_converter_target_skipped PASSED [ 19%]
tests/pipeline/test_converter_factory.py::TestBuildConvertersFromChainNames::test_unknown_chain_name_skipped PASSED [ 19%]
tests/pipeline/test_converter_factory.py::TestBuildConvertersFromChainNames::test_empty_list PASSED [ 19%]
tests/pipeline/test_converter_factory.py::TestBuildConvertersFromChainNames::test_mixed_llm_and_non_llm_chains PASSED [ 19%]
tests/pipeline/test_converter_factory.py::TestBuildTargetAwareConverterMap::test_none_target_type_returns_empty PASSED [ 19%]
tests/pipeline/test_converter_factory.py::TestBuildTargetAwareConverterMap::test_known_target_type_returns_mapping PASSED [ 20%]
tests/pipeline/test_converter_factory.py::TestBuildTargetAwareConverterMap::test_unknown_target_type_returns_empty PASSED [ 20%]
tests/pipeline/test_converter_factory.py::TestBuildTargetAwareConverterMap::test_variant_technique_name_matches_base PASSED [ 20%]
tests/pipeline/test_converter_factory.py::TestBuildTargetAwareConverterMap::test_empty_technique_names_returns_empty PASSED [ 20%]
tests/pipeline/test_converter_factory.py::TestMergeConverterMaps::test_empty_target_aware_returns_cli PASSED [ 20%]
tests/pipeline/test_converter_factory.py::TestMergeConverterMaps::test_empty_cli_returns_target_aware PASSED [ 20%]
tests/pipeline/test_converter_factory.py::TestMergeConverterMaps::test_both_empty_returns_empty PASSED [ 20%]
tests/pipeline/test_converter_factory.py::TestMergeConverterMaps::test_union_of_different_techniques PASSED [ 20%]
tests/pipeline/test_converter_factory.py::TestMergeConverterMaps::test_same_technique_dedup PASSED [ 20%]
tests/pipeline/test_converter_factory.py::TestMergeConverterMaps::test_cli_priority_ordering PASSED [ 20%]
tests/pipeline/test_converter_factory.py::TestGetAvailableConverterNames::test_returns_sorted_list PASSED [ 20%]
tests/pipeline/test_curate_seeds.py::TestDedup::test_dedup_shingling_removes_near_duplicates PASSED [ 20%]
tests/pipeline/test_curate_seeds.py::TestDedup::test_dedup_shingling_keeps_unique_seeds PASSED [ 20%]
tests/pipeline/test_curate_seeds.py::TestDedup::test_dedup_empty_list PASSED [ 21%]
tests/pipeline/test_curate_seeds.py::TestDedup::test_jaccard_similarity_identical PASSED [ 21%]
tests/pipeline/test_curate_seeds.py::TestDedup::test_jaccard_similarity_disjoint PASSED [ 21%]
tests/pipeline/test_curate_seeds.py::TestCategoryBalanced::test_balanced_sample_respects_per_category PASSED [ 21%]
tests/pipeline/test_curate_seeds.py::TestCategoryBalanced::test_balanced_sample_keeps_all_when_fewer PASSED [ 21%]
tests/pipeline/test_curate_seeds.py::TestTierStratified::test_tier_stratified_returns_target_count PASSED [ 21%]
tests/pipeline/test_curate_seeds.py::TestTierStratified::test_tier_stratified_handles_small_input PASSED [ 21%]
tests/pipeline/test_curate_seeds.py::TestModelVariantMapping::test_gpt_4o_mapping PASSED [ 21%]
tests/pipeline/test_curate_seeds.py::TestModelVariantMapping::test_llama_mapping PASSED [ 21%]
tests/pipeline/test_curate_seeds.py::TestModelVariantMapping::test_unknown_model_fallback PASSED [ 21%]
tests/pipeline/test_curate_seeds.py::TestModelVariantMapping::test_empty_model_name PASSED [ 21%]
tests/pipeline/test_curate_seeds.py::TestModelVariantMapping::test_gemini_mapping PASSED [ 21%]
tests/pipeline/test_curate_seeds.py::TestModelVariantMapping::test_gemini_keyword_fallback PASSED [ 21%]
tests/pipeline/test_curate_seeds.py::TestModelVariantMapping::test_mistral_mapping PASSED [ 21%]
tests/pipeline/test_curate_seeds.py::TestModelVariantMapping::test_mistral_keyword_fallback PASSED [ 22%]
tests/pipeline/test_curate_seeds.py::TestModelVariantMapping::test_qwen_72b_mapping PASSED [ 22%]
tests/pipeline/test_curate_seeds.py::TestModelVariantMapping::test_qwen_small_fallback PASSED [ 22%]
tests/pipeline/test_curate_seeds.py::TestModelVariantMapping::test_deepseek_mapping PASSED [ 22%]
tests/pipeline/test_curate_seeds.py::TestModelVariantMapping::test_new_variant_tiers PASSED [ 22%]
tests/pipeline/test_curate_seeds.py::TestModelVariantMapping::test_asr_priors_has_new_variants PASSED [ 22%]
tests/pipeline/test_curate_seeds.py::TestModelVariantMapping::test_converter_priors_has_new_variants PASSED [ 22%]
tests/pipeline/test_curate_seeds.py::TestModalityFilter::test_text_only_filter PASSED [ 22%]
tests/pipeline/test_curate_seeds.py::TestModalityFilter::test_multimodal_filter PASSED [ 22%]
tests/pipeline/test_curate_seeds.py::TestModalityFilter::test_all_filter PASSED [ 22%]
tests/pipeline/test_curate_seeds.py::TestSeedLevelASR::test_wilson_lower_bound_small_sample PASSED [ 22%]
tests/pipeline/test_curate_seeds.py::TestSeedLevelASR::test_wilson_lower_bound_large_sample PASSED [ 22%]
tests/pipeline/test_curate_seeds.py::TestSeedLevelASR::test_save_and_load_seed_level_asr PASSED [ 22%]
tests/pipeline/test_curate_seeds.py::TestSeedLevelASR::test_load_nonexistent_seed_level_asr PASSED [ 23%]
tests/pipeline/test_curate_seeds_integration.py::TestCurationIntegration::test_full_pipeline_produces_valid_output PASSED [ 23%]
tests/pipeline/test_curate_seeds_integration.py::TestCurationIntegration::test_pipeline_preserves_categories PASSED [ 23%]
tests/pipeline/test_curate_seeds_integration.py::TestCurationIntegration::test_model_aware_rank_changes_order PASSED [ 23%]
tests/pipeline/test_dataset_asr_feedback.py::TestGetDatasetLevelAsrPath::test_model_specific_path PASSED [ 23%]
tests/pipeline/test_dataset_asr_feedback.py::TestGetDatasetLevelAsrPath::test_global_path PASSED [ 23%]
tests/pipeline/test_dataset_asr_feedback.py::TestGetDatasetLevelAsrPath::test_unknown_model_falls_to_global PASSED [ 23%]
tests/pipeline/test_dataset_asr_feedback.py::TestGetDatasetLevelAsrPath::test_model_name_with_slashes PASSED [ 23%]
tests/pipeline/test_dataset_asr_feedback.py::TestSaveLoadDatasetLevelAsr::test_save_and_load_roundtrip PASSED [ 23%]
tests/pipeline/test_dataset_asr_feedback.py::TestSaveLoadDatasetLevelAsr::test_load_nonexistent_returns_empty PASSED [ 23%]
tests/pipeline/test_dataset_asr_feedback.py::TestSaveLoadDatasetLevelAsr::test_load_corrupt_json_returns_empty PASSED [ 23%]
tests/pipeline/test_dataset_asr_feedback.py::TestSaveLoadDatasetLevelAsr::test_save_creates_parent_dir PASSED [ 23%]
tests/pipeline/test_dataset_asr_feedback.py::TestSaveLoadDatasetLevelAsr::test_save_includes_metadata PASSED [ 23%]
tests/pipeline/test_dataset_asr_feedback.py::TestCollectDatasetLevelAsr::test_empty_results_returns_empty PASSED [ 24%]
tests/pipeline/test_dataset_asr_feedback.py::TestCollectDatasetLevelAsr::test_memory_exception_returns_empty PASSED [ 24%]
tests/pipeline/test_dataset_asr_feedback.py::TestCollectDatasetLevelAsr::test_results_matched_and_aggregated PASSED [ 24%]
tests/pipeline/test_dataset_asr_feedback.py::TestCollectDatasetLevelAsr::test_unmatched_seeds_counted PASSED [ 24%]
tests/pipeline/test_dataset_asr_feedback.py::TestCollectDatasetLevelAsr::test_wilson_lower_bound_for_small_samples PASSED [ 24%]
tests/pipeline/test_dataset_asr_feedback.py::TestSortDatasetsWithDatasetLevel::test_dataset_level_takes_priority PASSED [ 24%]
tests/pipeline/test_dataset_asr_feedback.py::TestSortDatasetsWithDatasetLevel::test_unknown_dataset_gets_default_05 PASSED [ 24%]
tests/pipeline/test_dataset_asr_feedback.py::TestSortDatasetsWithDatasetLevel::test_none_dataset_level_falls_back_to_category PASSED [ 24%]
tests/pipeline/test_dataset_asr_feedback.py::TestApplyDatasetLevelAsrPrioritization::test_no_model_name_skips PASSED [ 24%]
tests/pipeline/test_dataset_asr_feedback.py::TestApplyDatasetLevelAsrPrioritization::test_no_saved_data_skips PASSED [ 24%]
tests/pipeline/test_dataset_asr_feedback.py::TestApplyDatasetLevelAsrPrioritization::test_loads_and_records_metadata PASSED [ 24%]
tests/pipeline/test_dataset_asr_feedback.py::TestApplyDatasetLevelAsrPrioritization::test_exception_skips_gracefully PASSED [ 24%]
tests/pipeline/test_dataset_auto_discovery.py::TestMatchesDatasetScope::test_scope_all_matches_everything PASSED [ 24%]
tests/pipeline/test_dataset_auto_discovery.py::TestMatchesDatasetScope::test_scope_owasp_llm PASSED [ 25%]
tests/pipeline/test_dataset_auto_discovery.py::TestMatchesDatasetScope::test_scope_owasp_asi PASSED [ 25%]
tests/pipeline/test_dataset_auto_discovery.py::TestMatchesDatasetScope::test_scope_cve PASSED [ 25%]
tests/pipeline/test_dataset_auto_discovery.py::TestMatchesDatasetScope::test_scope_benchmark PASSED [ 25%]
tests/pipeline/test_dataset_auto_discovery.py::TestDiscoverUnregisteredDatasets::test_no_discovery_when_all_registered PASSED [ 25%]
tests/pipeline/test_dataset_auto_discovery.py::TestDiscoverUnregisteredDatasets::test_discovers_new_file PASSED [ 25%]
tests/pipeline/test_dataset_auto_discovery.py::TestDiscoverUnregisteredDatasets::test_scope_filter_in_discovery PASSED [ 25%]
tests/pipeline/test_dataset_auto_discovery.py::TestDiscoverUnregisteredDatasets::test_dedup_after_discovery PASSED [ 25%]
tests/pipeline/test_dataset_auto_discovery.py::TestDiscoverUnregisteredDatasets::test_nonexistent_directory_skipped PASSED [ 25%]
tests/pipeline/test_dataset_auto_discovery.py::TestLoadDefaultDatasetsFromManifest::test_scope_all_loads_all_default_true PASSED [ 25%]
tests/pipeline/test_dataset_auto_discovery.py::TestLoadDefaultDatasetsFromManifest::test_scope_owasp_llm_only PASSED [ 25%]
tests/pipeline/test_dataset_auto_discovery.py::TestLoadDefaultDatasetsFromManifest::test_scope_owasp_asi_only PASSED [ 25%]
tests/pipeline/test_dataset_auto_discovery.py::TestLoadDefaultDatasetsFromManifest::test_scope_cve_only PASSED [ 25%]
tests/pipeline/test_dataset_auto_discovery.py::TestLoadDefaultDatasetsFromManifest::test_no_custom_redteam_in_results PASSED [ 25%]
tests/pipeline/test_dataset_auto_discovery.py::TestLoadDefaultDatasetsFromManifest::test_auto_discovery_finds_unregistered PASSED [ 26%]
tests/pipeline/test_dataset_auto_discovery.py::TestLoadDefaultDatasetsFromManifest::test_returns_manifest_dict PASSED [ 26%]
tests/pipeline/test_dataset_auto_discovery.py::TestFilterDatasetsByTarget::test_unknown_target_type_no_filter PASSED [ 26%]
tests/pipeline/test_dataset_auto_discovery.py::TestFilterDatasetsByTarget::test_openai_chat_keeps_llm_skips_asi PASSED [ 26%]
tests/pipeline/test_dataset_auto_discovery.py::TestFilterDatasetsByTarget::test_agent_api_keeps_asi_skips_llm PASSED [ 26%]
tests/pipeline/test_dataset_auto_discovery.py::TestFilterDatasetsByTarget::test_no_owasp_ids_always_kept PASSED [ 26%]
tests/pipeline/test_dataset_auto_discovery.py::TestFilterDatasetsByTarget::test_unregistered_path_always_kept PASSED [ 26%]
tests/pipeline/test_dataset_auto_discovery.py::TestEnableDosAttack::test_dos_disabled_by_default PASSED [ 26%]
tests/pipeline/test_dataset_auto_discovery.py::TestEnableDosAttack::test_dos_enabled_via_flag PASSED [ 26%]
tests/pipeline/test_dataset_auto_discovery.py::TestEnableDosAttack::test_dos_flag_in_mock_args PASSED [ 26%]
tests/pipeline/test_decision_trace.py::TestDecisionRecord::test_creation PASSED [ 26%]
tests/pipeline/test_decision_trace.py::TestDecisionRecord::test_to_dict PASSED [ 26%]
tests/pipeline/test_decision_trace.py::TestDecisionTrace::test_singleton PASSED [ 26%]
tests/pipeline/test_decision_trace.py::TestDecisionTrace::test_record_and_retrieve PASSED [ 27%]
tests/pipeline/test_decision_trace.py::TestDecisionTrace::test_filter_by_stage PASSED [ 27%]
tests/pipeline/test_decision_trace.py::TestDecisionTrace::test_filter_by_layer PASSED [ 27%]
tests/pipeline/test_decision_trace.py::TestDecisionTrace::test_to_markdown_empty PASSED [ 27%]
tests/pipeline/test_decision_trace.py::TestDecisionTrace::test_to_markdown_with_records PASSED [ 27%]
tests/pipeline/test_decision_trace.py::TestDecisionTrace::test_reset PASSED [ 27%]
tests/pipeline/test_dimension_d11_d15.py::TestConverterChainAdvisor::test_empty_advisor_unknown_failure_type PASSED [ 27%]
tests/pipeline/test_dimension_d11_d15.py::TestConverterChainAdvisor::test_record_failure_and_success PASSED [ 27%]
tests/pipeline/test_dimension_d11_d15.py::TestConverterChainAdvisor::test_model_refusal_recommends_encoding PASSED [ 27%]
tests/pipeline/test_dimension_d11_d15.py::TestConverterChainAdvisor::test_content_filter_recommends_obfuscation PASSED [ 27%]
tests/pipeline/test_dimension_d11_d15.py::TestConverterChainAdvisor::test_unknown_failure_type_returns_current PASSED [ 27%]
tests/pipeline/test_dimension_d11_d15.py::TestConverterChainAdvisor::test_runtime_data_overrides_static PASSED [ 27%]
tests/pipeline/test_dimension_d11_d15.py::TestConverterChainAdvisor::test_get_stats_returns_dict PASSED [ 27%]
tests/pipeline/test_dimension_d11_d15.py::TestSuccessPropagationTracker::test_empty_tracker_no_data PASSED [ 28%]
tests/pipeline/test_dimension_d11_d15.py::TestSuccessPropagationTracker::test_record_success_increments_count PASSED [ 28%]
tests/pipeline/test_dimension_d11_d15.py::TestSuccessPropagationTracker::test_get_winning_chains PASSED [ 28%]
tests/pipeline/test_dimension_d11_d15.py::TestSuccessPropagationTracker::test_get_best_combo PASSED [ 28%]
tests/pipeline/test_dimension_d11_d15.py::TestSuccessPropagationTracker::test_get_best_combo_empty_returns_none PASSED [ 28%]
tests/pipeline/test_dimension_d11_d15.py::TestSuccessPropagationTracker::test_get_stats_returns_dict PASSED [ 28%]
tests/pipeline/test_dimension_d11_d15.py::TestScoreChainCombo::test_empty_chains_returns_1 PASSED [ 28%]
tests/pipeline/test_dimension_d11_d15.py::TestScoreChainCombo::test_no_combo_match_returns_1 PASSED [ 28%]
tests/pipeline/test_dimension_d11_d15.py::TestScoreChainCombo::test_known_combo_returns_multiplier PASSED [ 28%]
tests/pipeline/test_dimension_d11_d15.py::TestScoreChainCombo::test_best_combo_selected PASSED [ 28%]
tests/pipeline/test_dimension_d11_d15.py::TestScoreChainCombo::test_combo_multipliers_loaded PASSED [ 28%]
tests/pipeline/test_dimension_d11_d15.py::TestGetChainCostWeight::test_non_llm_chain_high_weight PASSED [ 28%]
tests/pipeline/test_dimension_d11_d15.py::TestGetChainCostWeight::test_llm_chain_low_weight PASSED [ 28%]
tests/pipeline/test_dimension_d11_d15.py::TestGetChainCostWeight::test_unknown_chain_default_cheap PASSED [ 28%]
tests/pipeline/test_dimension_d11_d15.py::TestGetChainCostWeight::test_cost_tier_in_chain_metadata PASSED [ 29%]
tests/pipeline/test_dimension_d11_d15.py::TestExtractConverterChainNames::test_empty_converters_returns_empty PASSED [ 29%]
tests/pipeline/test_dimension_d11_d15.py::TestExtractConverterChainNames::test_no_request_converters_attr PASSED [ 29%]
tests/pipeline/test_dimension_d11_d15.py::TestExtractConverterChainNames::test_known_converter_class_extracted PASSED [ 29%]
tests/pipeline/test_dimension_d11_d15.py::TestExtractConverterChainNames::test_multiple_converters_deduped PASSED [ 29%]
tests/pipeline/test_e2e_validator.py::TestValidateMetadata::test_empty_metadata_all_missing PASSED [ 29%]
tests/pipeline/test_e2e_validator.py::TestValidateMetadata::test_full_metadata_all_pass PASSED [ 29%]
tests/pipeline/test_e2e_validator.py::TestValidateMetadata::test_partial_fields PASSED [ 29%]
tests/pipeline/test_e2e_validator.py::TestValidateMetadata::test_list_type_pass PASSED [ 29%]
tests/pipeline/test_e2e_validator.py::TestValidateMetadata::test_list_type_empty_partial PASSED [ 29%]
tests/pipeline/test_e2e_validator.py::TestValidateMetadata::test_string_type_pass PASSED [ 29%]
tests/pipeline/test_e2e_validator.py::TestValidateMetadata::test_value_summary_float_format PASSED [ 29%]
tests/pipeline/test_e2e_validator.py::TestValidateMetadata::test_value_summary_list_format PASSED [ 29%]
tests/pipeline/test_e2e_validator.py::TestValidationResult::test_status_icon_pass PASSED [ 30%]
tests/pipeline/test_e2e_validator.py::TestValidationResult::test_status_icon_missing PASSED [ 30%]
tests/pipeline/test_e2e_validator.py::TestValidationResult::test_status_icon_partial PASSED [ 30%]
tests/pipeline/test_e2e_validator.py::TestValidationResult::test_status_icon_error PASSED [ 30%]
tests/pipeline/test_e2e_validator.py::TestValidationResult::test_status_icon_unknown PASSED [ 30%]
tests/pipeline/test_e2e_validator.py::TestE2EValidationReport::test_coverage_pct_empty PASSED [ 30%]
tests/pipeline/test_e2e_validator.py::TestE2EValidationReport::test_coverage_pct_full PASSED [ 30%]
tests/pipeline/test_e2e_validator.py::TestE2EValidationReport::test_pass_rate_no_triggered PASSED [ 30%]
tests/pipeline/test_e2e_validator.py::TestE2EValidationReport::test_pass_rate_all_pass PASSED [ 30%]
tests/pipeline/test_e2e_validator.py::TestE2EValidationReport::test_pass_rate_mixed PASSED [ 30%]
tests/pipeline/test_e2e_validator.py::TestE2EValidationReport::test_to_dict_structure PASSED [ 30%]
tests/pipeline/test_e2e_validator.py::TestPrintValidationReport::test_print_empty_report PASSED [ 30%]
tests/pipeline/test_e2e_validator.py::TestPrintValidationReport::test_print_full_report PASSED [ 30%]
tests/pipeline/test_e2e_validator.py::TestPrintValidationReport::test_print_mixed_report PASSED [ 31%]
tests/pipeline/test_e2e_validator.py::TestRunE2EValidation::test_run_with_empty_metadata PASSED [ 31%]
tests/pipeline/test_e2e_validator.py::TestRunE2EValidation::test_run_with_partial_metadata PASSED [ 31%]
tests/pipeline/test_e2e_validator.py::TestRunE2EValidation::test_run_returns_report PASSED [ 31%]
tests/pipeline/test_e2e_validator.py::TestMetadataCompleteness::test_backdoor_probe_result_has_probes_with_response PASSED [ 31%]
tests/pipeline/test_e2e_validator.py::TestMetadataCompleteness::test_control_mode_result_has_probes_with_response PASSED [ 31%]
tests/pipeline/test_e2e_validator.py::TestSecretValidationMultiSource::test_secret_validation_scans_backdoor_responses PASSED [ 31%]
tests/pipeline/test_e2e_validator.py::TestSecretValidationMultiSource::test_secret_validation_scans_control_mode_responses PASSED [ 31%]
tests/pipeline/test_e2e_validator.py::TestSecretValidationMultiSource::test_secret_validation_scans_mcp_probe_responses PASSED [ 31%]
tests/pipeline/test_e2e_validator.py::TestSecretValidationMultiSource::test_secret_validation_result_has_strategies PASSED [ 31%]
tests/pipeline/test_e2e_validator.py::TestSecretValidationMultiSource::test_mcp_probe_results_has_blocked_by_api PASSED [ 31%]
tests/pipeline/test_event_bus.py::TestPipelineEvent::test_event_creation PASSED [ 31%]
tests/pipeline/test_event_bus.py::TestPipelineEvent::test_event_to_json PASSED [ 31%]
tests/pipeline/test_event_bus.py::TestPipelineEvent::test_event_to_summary PASSED [ 31%]
tests/pipeline/test_event_bus.py::TestEventBus::test_singleton PASSED    [ 32%]
tests/pipeline/test_event_bus.py::TestEventBus::test_publish_and_retrieve PASSED [ 32%]
tests/pipeline/test_event_bus.py::TestEventBus::test_publish_to_jsonl PASSED [ 32%]
tests/pipeline/test_event_bus.py::TestEventBus::test_filter_by_stage PASSED [ 32%]
tests/pipeline/test_event_bus.py::TestEventBus::test_disable_enable PASSED [ 32%]
tests/pipeline/test_evidence_collector.py::TestGetOwaspCategory::test_llm_categories PASSED [ 32%]
tests/pipeline/test_evidence_collector.py::TestGetOwaspCategory::test_asi_categories PASSED [ 32%]
tests/pipeline/test_evidence_collector.py::TestGetOwaspCategory::test_unknown_category PASSED [ 32%]
tests/pipeline/test_evidence_collector.py::TestGetOwaspCategory::test_empty_string PASSED [ 32%]
tests/pipeline/test_evidence_collector.py::TestVulnerabilityEvidence::test_to_dict PASSED [ 32%]
tests/pipeline/test_evidence_collector.py::TestVulnerabilityEvidence::test_defaults PASSED [ 32%]
tests/pipeline/test_evidence_collector.py::TestEvidenceCollection::test_to_dict PASSED [ 32%]
tests/pipeline/test_evidence_collector.py::TestIsSuccess::test_success PASSED [ 32%]
tests/pipeline/test_evidence_collector.py::TestIsSuccess::test_failure PASSED [ 33%]
tests/pipeline/test_evidence_collector.py::TestIsSuccess::test_none_outcome PASSED [ 33%]
tests/pipeline/test_evidence_collector.py::TestExtractJailbreakPrompt::test_with_last_request PASSED [ 33%]
tests/pipeline/test_evidence_collector.py::TestExtractJailbreakPrompt::test_without_last_request PASSED [ 33%]
tests/pipeline/test_evidence_collector.py::TestExtractHarmfulOutput::test_with_last_response PASSED [ 33%]
tests/pipeline/test_evidence_collector.py::TestExtractHarmfulOutput::test_without_last_response PASSED [ 33%]
tests/pipeline/test_evidence_collector.py::TestComputeConfidence::test_high_confidence PASSED [ 33%]
tests/pipeline/test_evidence_collector.py::TestComputeConfidence::test_medium_confidence PASSED [ 33%]
tests/pipeline/test_evidence_collector.py::TestComputeConfidence::test_low_confidence PASSED [ 33%]
tests/pipeline/test_evidence_collector.py::TestComputeConfidence::test_no_asr_data PASSED [ 33%]
tests/pipeline/test_evidence_collector.py::TestBuildFailureAnalysis::test_empty_results PASSED [ 33%]
tests/pipeline/test_evidence_collector.py::TestBuildFailureAnalysis::test_with_results PASSED [ 33%]
tests/pipeline/test_evidence_exporter.py::TestEvidenceExporterInit::test_accepts_blurred_dir_parameter PASSED [ 33%]
tests/pipeline/test_evidence_exporter.py::TestEvidenceExporterInit::test_default_blurred_dir PASSED [ 34%]
tests/pipeline/test_evidence_exporter.py::TestEvidenceExporterInit::test_creates_subdirectories PASSED [ 34%]
tests/pipeline/test_evidence_exporter.py::TestEvidenceExporterInit::test_blur_parameters PASSED [ 34%]
tests/pipeline/test_evidence_exporter.py::TestEvidenceExporterInit::test_include_reasoning_trace PASSED [ 34%]
tests/pipeline/test_evidence_exporter.py::TestCollectBlurredImages::test_method_exists PASSED [ 34%]
tests/pipeline/test_evidence_exporter.py::TestCollectBlurredImages::test_returns_empty_when_blur_disabled PASSED [ 34%]
tests/pipeline/test_evidence_exporter.py::TestCollectBlurredImages::test_returns_empty_when_no_blurred_files PASSED [ 34%]
tests/pipeline/test_evidence_exporter.py::TestCollectBlurredImages::test_collects_blurred_png_files PASSED [ 34%]
tests/pipeline/test_evidence_exporter.py::TestRenderAttackSummaryCsv::test_empty_results PASSED [ 34%]
tests/pipeline/test_evidence_exporter.py::TestRenderAttackSummaryCsv::test_with_mock_results PASSED [ 34%]
tests/pipeline/test_evidence_exporter.py::TestRenderCoverageMatrixCsv::test_empty_coverage PASSED [ 34%]
tests/pipeline/test_evidence_exporter.py::TestRenderCoverageMatrixCsv::test_with_coverage_data PASSED [ 34%]
tests/pipeline/test_evidence_exporter.py::TestRenderAttackTimelineCsv::test_empty_results PASSED [ 34%]
tests/pipeline/test_evidence_exporter.py::TestModuleStructure::test_no_try_except_import PASSED [ 34%]
tests/pipeline/test_evidence_exporter.py::TestModuleStructure::test_export_methods_use_except_exception PASSED [ 35%]
tests/pipeline/test_evidence_exporter.py::TestModuleStructure::test_blurred_dir_passed_to_printers PASSED [ 35%]
tests/pipeline/test_evidence_exporter.py::TestModuleStructure::test_collect_blurred_images_called_in_export PASSED [ 35%]
tests/pipeline/test_evidence_exporter.py::TestIsSuccessScore::test_true_false_with_true PASSED [ 35%]
tests/pipeline/test_evidence_exporter.py::TestIsSuccessScore::test_true_false_with_false PASSED [ 35%]
tests/pipeline/test_evidence_exporter.py::TestIsSuccessScore::test_float_scale_above_threshold PASSED [ 35%]
tests/pipeline/test_evidence_exporter.py::TestIsSuccessScore::test_float_scale_below_threshold PASSED [ 35%]
tests/pipeline/test_evidence_exporter.py::TestIsSuccessScore::test_float_scale_invalid_value PASSED [ 35%]
tests/pipeline/test_evidence_exporter.py::TestIsSuccessScore::test_unknown_score_type PASSED [ 35%]
tests/pipeline/test_evidence_exporter.py::TestFormatTime::test_none PASSED [ 35%]
tests/pipeline/test_evidence_exporter.py::TestFormatTime::test_milliseconds PASSED [ 35%]
tests/pipeline/test_evidence_exporter.py::TestFormatTime::test_seconds PASSED [ 35%]
tests/pipeline/test_evidence_exporter.py::TestFormatTime::test_invalid_value PASSED [ 35%]
tests/pipeline/test_exception_group_filtering.py::TestExceptionGroupNoiseFiltering::test_exception_group_header_is_noise PASSED [ 36%]
tests/pipeline/test_exception_group_filtering.py::TestExceptionGroupNoiseFiltering::test_exception_group_separator_is_noise PASSED [ 36%]
tests/pipeline/test_exception_group_filtering.py::TestExceptionGroupNoiseFiltering::test_exception_group_traceback_line_is_noise PASSED [ 36%]
tests/pipeline/test_exception_group_filtering.py::TestExceptionGroupNoiseFiltering::test_exception_group_pipe_traceback_is_noise PASSED [ 36%]
tests/pipeline/test_exception_group_filtering.py::TestExceptionGroupNoiseFiltering::test_exception_group_pointer_line_is_noise PASSED [ 36%]
tests/pipeline/test_exception_group_filtering.py::TestExceptionGroupNoiseFiltering::test_exception_group_module_error_is_noise PASSED [ 36%]
tests/pipeline/test_exception_group_filtering.py::TestExceptionGroupNoiseFiltering::test_exception_group_root_cause_is_noise PASSED [ 36%]
tests/pipeline/test_exception_group_filtering.py::TestExceptionGroupNoiseFiltering::test_exception_group_details_is_noise PASSED [ 36%]
tests/pipeline/test_exception_group_filtering.py::TestExceptionGroupNoiseFiltering::test_exception_group_attack_field_is_noise PASSED [ 36%]
tests/pipeline/test_exception_group_filtering.py::TestExceptionGroupNoiseFiltering::test_exception_group_component_field_is_noise PASSED [ 36%]
tests/pipeline/test_exception_group_filtering.py::TestExceptionGroupNoiseFiltering::test_exception_group_objective_field_is_noise PASSED [ 36%]
tests/pipeline/test_exception_group_filtering.py::TestExceptionGroupNoiseFiltering::test_exception_group_exception_line_is_noise PASSED [ 36%]
tests/pipeline/test_exception_group_filtering.py::TestExceptionGroupNoiseFiltering::test_exception_group_runtime_error_is_noise PASSED [ 36%]
tests/pipeline/test_exception_group_filtering.py::TestExceptionGroupNoiseFiltering::test_exception_group_pyrit_error_is_noise PASSED [ 37%]
tests/pipeline/test_exception_group_filtering.py::TestExceptionGroupNoiseFiltering::test_exception_group_cause_chain_is_noise PASSED [ 37%]
tests/pipeline/test_exception_group_filtering.py::TestExceptionGroupNoiseFiltering::test_exception_group_empty_line_is_noise PASSED [ 37%]
tests/pipeline/test_exception_group_filtering.py::TestExceptionGroupNoiseFiltering::test_exception_group_scenario_partial_is_noise PASSED [ 37%]
tests/pipeline/test_exception_group_filtering.py::TestExceptionGroupNoiseFiltering::test_signal_line_not_affected_by_e1 PASSED [ 37%]
tests/pipeline/test_exception_group_filtering.py::TestFlattenExceptionGroup::test_single_exception_not_group PASSED [ 37%]
tests/pipeline/test_exception_group_filtering.py::TestFlattenExceptionGroup::test_exception_group_with_multiple_sub_exceptions PASSED [ 37%]
tests/pipeline/test_exception_group_filtering.py::TestFlattenExceptionGroup::test_root_cause_extraction_timeout PASSED [ 37%]
tests/pipeline/test_exception_group_filtering.py::TestFlattenExceptionGroup::test_attack_type_extraction PASSED [ 37%]
tests/pipeline/test_exception_group_filtering.py::TestFlattenExceptionGroup::test_component_extraction PASSED [ 37%]
tests/pipeline/test_exception_group_filtering.py::TestFlattenExceptionGroup::test_category_classification PASSED [ 37%]
tests/pipeline/test_exception_group_filtering.py::TestFlattenExceptionGroup::test_message_truncation PASSED [ 37%]
tests/pipeline/test_exception_group_filtering.py::TestPrintConciseFailureSummary::test_summary_output_format PASSED [ 37%]
tests/pipeline/test_exception_group_filtering.py::TestPrintConciseFailureSummary::test_summary_empty_list PASSED [ 37%]
tests/pipeline/test_exception_group_filtering.py::TestPrintConciseFailureSummary::test_summary_category_labels PASSED [ 38%]
tests/pipeline/test_exception_group_filtering.py::TestFailureDiagnosisEnhanced::test_scorer_timeout_classification PASSED [ 38%]
tests/pipeline/test_exception_group_filtering.py::TestFailureDiagnosisEnhanced::test_target_timeout_classification PASSED [ 38%]
tests/pipeline/test_exception_group_filtering.py::TestFailureDiagnosisEnhanced::test_rate_limit_classification PASSED [ 38%]
tests/pipeline/test_exception_group_filtering.py::TestFailureDiagnosisEnhanced::test_content_filter_classification PASSED [ 38%]
tests/pipeline/test_exception_group_filtering.py::TestFailureDiagnosisEnhanced::test_diagnosis_map_contains_new_categories PASSED [ 38%]
tests/pipeline/test_failure_type_selector.py::TestInferParadigm::test_encoding_paradigm PASSED [ 38%]
tests/pipeline/test_failure_type_selector.py::TestInferParadigm::test_persuasion_paradigm PASSED [ 38%]
tests/pipeline/test_failure_type_selector.py::TestInferParadigm::test_multi_turn_paradigm PASSED [ 38%]
tests/pipeline/test_failure_type_selector.py::TestInferParadigm::test_unknown_technique PASSED [ 38%]
tests/pipeline/test_failure_type_selector.py::TestInferParadigm::test_empty_string PASSED [ 38%]
tests/pipeline/test_failure_type_selector.py::TestInferParadigm::test_none_input PASSED [ 38%]
tests/pipeline/test_failure_type_selector.py::TestInferParadigm::test_prompt_sending PASSED [ 38%]
tests/pipeline/test_failure_type_selector.py::TestInferTurnMode::test_multi_turn_techniques PASSED [ 39%]
tests/pipeline/test_failure_type_selector.py::TestInferTurnMode::test_single_turn_techniques PASSED [ 39%]
tests/pipeline/test_failure_type_selector.py::TestInferTurnMode::test_unknown_technique PASSED [ 39%]
tests/pipeline/test_failure_type_selector.py::TestExtractFailureType::test_success_result_returns_success PASSED [ 39%]
tests/pipeline/test_failure_type_selector.py::TestExtractFailureType::test_failure_with_content_filter PASSED [ 39%]
tests/pipeline/test_failure_type_selector.py::TestExtractFailureType::test_failure_with_timeout PASSED [ 39%]
tests/pipeline/test_failure_type_selector.py::TestExtractFailureType::test_failure_with_objective_not_achieved PASSED [ 39%]
tests/pipeline/test_failure_type_selector.py::TestExtractFailureType::test_none_result PASSED [ 39%]
tests/pipeline/test_failure_type_selector.py::TestFailureTypeRoutingSelector::test_update_failure_type SKIPPED [ 39%]
tests/pipeline/test_json_mode.py::TestIsJsonModeSupported::test_openai_endpoint_supported PASSED [ 39%]
tests/pipeline/test_json_mode.py::TestIsJsonModeSupported::test_azure_endpoint_supported PASSED [ 39%]
tests/pipeline/test_json_mode.py::TestIsJsonModeSupported::test_siliconflow_endpoint_supported PASSED [ 39%]
tests/pipeline/test_json_mode.py::TestIsJsonModeSupported::test_nvidia_endpoint_supported PASSED [ 39%]
tests/pipeline/test_json_mode.py::TestIsJsonModeSupported::test_deepseek_endpoint_supported PASSED [ 40%]
tests/pipeline/test_json_mode.py::TestIsJsonModeSupported::test_openrouter_endpoint_not_supported PASSED [ 40%]
tests/pipeline/test_json_mode.py::TestIsJsonModeSupported::test_ollama_endpoint_not_supported PASSED [ 40%]
tests/pipeline/test_json_mode.py::TestIsJsonModeSupported::test_empty_endpoint_not_supported PASSED [ 40%]
tests/pipeline/test_json_mode.py::TestIsJsonModeSupported::test_none_endpoint_not_supported PASSED [ 40%]
tests/pipeline/test_json_mode.py::TestIsJsonModeSupported::test_case_insensitive PASSED [ 40%]
tests/pipeline/test_json_mode.py::TestDisableJsonMode::test_no_disable_siliconflow PASSED [ 40%]
tests/pipeline/test_json_mode.py::TestDisableJsonMode::test_no_disable_nvidia PASSED [ 40%]
tests/pipeline/test_json_mode.py::TestDisableJsonMode::test_no_disable_deepseek PASSED [ 40%]
tests/pipeline/test_json_mode.py::TestDisableJsonMode::test_auto_disable_openrouter PASSED [ 40%]
tests/pipeline/test_json_mode.py::TestDisableJsonMode::test_no_disable_openai_endpoint PASSED [ 40%]
tests/pipeline/test_json_mode.py::TestDisableJsonMode::test_no_disable_azure_endpoint PASSED [ 40%]
tests/pipeline/test_json_mode.py::TestDisableJsonMode::test_force_disable_all PASSED [ 40%]
tests/pipeline/test_json_mode.py::TestDisableJsonMode::test_empty_registry_no_error PASSED [ 40%]
tests/pipeline/test_json_mode.py::TestDisableJsonMode::test_rate_limited_target_unwrapped PASSED [ 41%]
tests/pipeline/test_json_mode.py::TestDisableJsonMode::test_non_chat_target_skipped PASSED [ 41%]
tests/pipeline/test_json_mode.py::TestDisableJsonMode::test_multiple_targets_mixed PASSED [ 41%]
tests/pipeline/test_json_mode.py::TestDisableJsonMode::test_disable_json_mode_default_false PASSED [ 41%]
tests/pipeline/test_json_mode.py::TestDisableJsonMode::test_patched_method_returns_none PASSED [ 41%]
tests/pipeline/test_mcp_advanced.py::TestAIVSSScorer::test_base_cvss_only PASSED [ 41%]
tests/pipeline/test_mcp_advanced.py::TestAIVSSScorer::test_with_cascading_modifier PASSED [ 41%]
tests/pipeline/test_mcp_advanced.py::TestAIVSSScorer::test_multiple_modifiers PASSED [ 41%]
tests/pipeline/test_mcp_advanced.py::TestAIVSSScorer::test_cap_at_10 PASSED [ 41%]
tests/pipeline/test_mcp_advanced.py::TestAIVSSScorer::test_severity_thresholds PASSED [ 41%]
tests/pipeline/test_mcp_advanced.py::TestAIVSSScorer::test_score_from_unsuccessful_attack PASSED [ 41%]
tests/pipeline/test_mcp_advanced.py::TestAIVSSScorer::test_score_from_successful_critical_attack PASSED [ 41%]
tests/pipeline/test_mcp_advanced.py::TestAIVSSScorer::test_to_dict PASSED [ 41%]
tests/pipeline/test_mcp_advanced.py::TestFrameworkMapper::test_csa_to_owasp PASSED [ 42%]
tests/pipeline/test_mcp_advanced.py::TestFrameworkMapper::test_csa_to_owasp_unknown PASSED [ 42%]
tests/pipeline/test_mcp_advanced.py::TestFrameworkMapper::test_owasp_to_atlas PASSED [ 42%]
tests/pipeline/test_mcp_advanced.py::TestFrameworkMapper::test_owasp_description PASSED [ 42%]
tests/pipeline/test_mcp_advanced.py::TestFrameworkMapper::test_build_coverage_matrix PASSED [ 42%]
tests/pipeline/test_mcp_advanced.py::TestFrameworkMapper::test_get_all_csa_categories PASSED [ 42%]
tests/pipeline/test_mcp_advanced.py::TestFrameworkMapper::test_get_all_owasp_codes PASSED [ 42%]
tests/pipeline/test_mcp_advanced.py::TestFrameworkMapper::test_map_attack_to_frameworks PASSED [ 42%]
tests/pipeline/test_mcp_advanced.py::TestRedTeamMethodology::test_init PASSED [ 42%]
tests/pipeline/test_mcp_advanced.py::TestRedTeamMethodology::test_start_and_complete_phase PASSED [ 42%]
tests/pipeline/test_mcp_advanced.py::TestRedTeamMethodology::test_add_finding PASSED [ 42%]
tests/pipeline/test_mcp_advanced.py::TestRedTeamMethodology::test_skip_phase PASSED [ 42%]
tests/pipeline/test_mcp_advanced.py::TestRedTeamMethodology::test_add_kill_chain PASSED [ 42%]
tests/pipeline/test_mcp_advanced.py::TestRedTeamMethodology::test_overall_risk_critical PASSED [ 43%]
tests/pipeline/test_mcp_advanced.py::TestAdvancedCrescendoOrchestrator::test_init PASSED [ 43%]
tests/pipeline/test_mcp_advanced.py::TestAdvancedCrescendoOrchestrator::test_run_with_mock_native PASSED [ 43%]
tests/pipeline/test_mcp_advanced.py::TestAdvancedCrescendoOrchestrator::test_crescendo_result_to_dict PASSED [ 43%]
tests/pipeline/test_mcp_advanced.py::TestTAPOrchestrator::test_init PASSED [ 43%]
tests/pipeline/test_mcp_advanced.py::TestTAPOrchestrator::test_run_with_mock_native PASSED [ 43%]
tests/pipeline/test_mcp_advanced.py::TestTAPOrchestrator::test_tap_result_to_dict PASSED [ 43%]
tests/pipeline/test_mcp_advanced.py::TestAdvancedMCPAttacks::test_probe_count PASSED [ 43%]
tests/pipeline/test_mcp_advanced.py::TestAdvancedMCPAttacks::test_kill_chain_count PASSED [ 43%]
tests/pipeline/test_mcp_advanced.py::TestAdvancedMCPAttacks::test_probe_owasp_coverage PASSED [ 43%]
tests/pipeline/test_mcp_advanced.py::TestAdvancedMCPAttacks::test_kill_chain_has_modifiers PASSED [ 43%]
tests/pipeline/test_mcp_advanced.py::TestAdvancedMCPAttacks::test_report_to_dict PASSED [ 43%]
tests/pipeline/test_mcp_advanced.py::TestOrchestratorsInit::test_imports PASSED [ 43%]
tests/pipeline/test_mcp_advanced.py::TestScoringInit::test_imports PASSED [ 43%]
tests/pipeline/test_mcp_advanced.py::TestAssessmentInit::test_imports PASSED [ 44%]
tests/pipeline/test_mcp_advanced.py::TestConfigIntegration::test_new_args_exist PASSED [ 44%]
tests/pipeline/test_mcp_advanced.py::TestConfigIntegration::test_crescendo_args PASSED [ 44%]
tests/pipeline/test_mcp_advanced.py::TestConfigIntegration::test_tap_args PASSED [ 44%]
tests/pipeline/test_mcp_advanced.py::TestConfigIntegration::test_assessment_framework_arg PASSED [ 44%]
tests/pipeline/test_mcp_advanced.py::TestConfigIntegration::test_xpia_attack_arg PASSED [ 44%]
tests/pipeline/test_mcp_advanced.py::TestConfigIntegration::test_asi03_attack_arg PASSED [ 44%]
tests/pipeline/test_mcp_advanced.py::TestConfigIntegration::test_asi09_attack_arg PASSED [ 44%]
tests/pipeline/test_mcp_advanced.py::TestConfigIntegration::test_asi10_attack_arg PASSED [ 44%]
tests/pipeline/test_mcp_advanced.py::TestConfigIntegration::test_multi_agent_attack_arg PASSED [ 44%]
tests/pipeline/test_mcp_payloads_yaml.py::TestLoadMCPProbesFromYAML::test_yaml_load_success PASSED [ 44%]
tests/pipeline/test_mcp_payloads_yaml.py::TestLoadMCPProbesFromYAML::test_yaml_returns_none_when_file_missing PASSED [ 44%]
tests/pipeline/test_mcp_payloads_yaml.py::TestLoadMCPProbesFromYAML::test_yaml_returns_none_when_section_empty PASSED [ 44%]
tests/pipeline/test_mcp_payloads_yaml.py::TestGetMCPProbes::test_fallback_to_hardcoded_when_yaml_none PASSED [ 45%]
tests/pipeline/test_mcp_payloads_yaml.py::TestGetMCPProbes::test_yaml_takes_priority_over_hardcoded PASSED [ 45%]
tests/pipeline/test_mcp_payloads_yaml.py::TestLoadAdvancedProbesFromYAML::test_yaml_load_success PASSED [ 45%]
tests/pipeline/test_mcp_payloads_yaml.py::TestLoadAdvancedProbesFromYAML::test_yaml_returns_none_when_file_missing PASSED [ 45%]
tests/pipeline/test_mcp_payloads_yaml.py::TestGetAdvancedProbes::test_fallback_to_hardcoded PASSED [ 45%]
tests/pipeline/test_mcp_payloads_yaml.py::TestLoadKillChainsFromYAML::test_yaml_load_success PASSED [ 45%]
tests/pipeline/test_mcp_payloads_yaml.py::TestLoadKillChainsFromYAML::test_yaml_returns_none_when_file_missing PASSED [ 45%]
tests/pipeline/test_mcp_payloads_yaml.py::TestGetKillChains::test_fallback_to_hardcoded PASSED [ 45%]
tests/pipeline/test_mfa_detector.py::TestMFADetector::test_no_mfa PASSED [ 45%]
tests/pipeline/test_mfa_detector.py::TestMFADetector::test_otp_detected_by_selector PASSED [ 45%]
tests/pipeline/test_mfa_detector.py::TestMFADetector::test_otp_detected_by_text PASSED [ 45%]
tests/pipeline/test_mfa_detector.py::TestMFADetector::test_qr_scan_detected PASSED [ 45%]
tests/pipeline/test_mfa_detector.py::TestMFADetector::test_captcha_detected PASSED [ 45%]
tests/pipeline/test_mfa_detector.py::TestMFADetector::test_slider_detected PASSED [ 46%]
tests/pipeline/test_mfa_detector.py::TestMFADetector::test_sms_detected PASSED [ 46%]
tests/pipeline/test_mfa_detector.py::TestMFADetector::test_multiple_mfa_detected PASSED [ 46%]
tests/pipeline/test_mfa_detector.py::TestMFADetector::test_human_instructions_generated PASSED [ 46%]
tests/pipeline/test_noise_redirector.py::TestIsNoiseLine::test_noise_line_skipper PASSED [ 46%]
tests/pipeline/test_noise_redirector.py::TestIsNoiseLine::test_noise_line_loading_config PASSED [ 46%]
tests/pipeline/test_noise_redirector.py::TestIsNoiseLine::test_signal_line_not_noise PASSED [ 46%]
tests/pipeline/test_noise_redirector.py::TestIsNoiseLine::test_log_only_line_not_noise PASSED [ 46%]
tests/pipeline/test_noise_redirector.py::TestIsNoiseLine::test_empty_line_not_noise PASSED [ 46%]
tests/pipeline/test_noise_redirector.py::TestIsNoiseLine::test_json_next_message_is_noise PASSED [ 46%]
tests/pipeline/test_noise_redirector.py::TestIsNoiseLine::test_json_rationale_is_noise PASSED [ 46%]
tests/pipeline/test_noise_redirector.py::TestIsNoiseLine::test_json_closing_brace_is_noise PASSED [ 46%]
tests/pipeline/test_noise_redirector.py::TestIsNoiseLine::test_endpoint_elapsed_is_noise PASSED [ 46%]
tests/pipeline/test_noise_redirector.py::TestIsLogOnlyLine::test_log_only_failure_line PASSED [ 46%]
tests/pipeline/test_noise_redirector.py::TestIsLogOnlyLine::test_log_only_warning_line PASSED [ 47%]
tests/pipeline/test_noise_redirector.py::TestIsLogOnlyLine::test_success_line_not_log_only PASSED [ 47%]
tests/pipeline/test_noise_redirector.py::TestIsLogOnlyLine::test_noise_line_not_log_only PASSED [ 47%]
tests/pipeline/test_noise_redirector.py::TestIsLogOnlyLine::test_empty_line_not_log_only PASSED [ 47%]
tests/pipeline/test_noise_redirector.py::TestRouteLineThreeTier::test_signal_line_goes_to_terminal_and_log PASSED [ 47%]
tests/pipeline/test_noise_redirector.py::TestRouteLineThreeTier::test_log_only_line_goes_to_signal_log_only PASSED [ 47%]
tests/pipeline/test_noise_redirector.py::TestRouteLineThreeTier::test_noise_line_goes_to_noise_log_only PASSED [ 47%]
tests/pipeline/test_noise_redirector.py::TestRouteLineThreeTier::test_log_only_without_signal_file_passes_to_outer PASSED [ 47%]
tests/pipeline/test_noise_redirector.py::TestRouteLineThreeTier::test_warning_line_goes_to_signal_log_only PASSED [ 47%]
tests/pipeline/test_noise_redirector.py::TestNoiseFilterIntegration::test_write_success_line_appears_on_terminal PASSED [ 47%]
tests/pipeline/test_noise_redirector.py::TestNoiseFilterIntegration::test_write_failure_line_not_on_terminal PASSED [ 47%]
tests/pipeline/test_noise_redirector.py::TestNoiseFilterIntegration::test_write_noise_line_not_on_terminal PASSED [ 47%]
tests/pipeline/test_noise_redirector.py::TestNoiseFilterIntegration::test_nested_context_without_signal_file PASSED [ 47%]
tests/pipeline/test_noise_redirector.py::TestNoiseFilterIntegration::test_mixed_output_batch PASSED [ 48%]
tests/pipeline/test_output_manager.py::TestProgressDashboard::test_init_default_values PASSED [ 48%]
tests/pipeline/test_output_manager.py::TestProgressDashboard::test_update_accumulates_counts PASSED [ 48%]
tests/pipeline/test_output_manager.py::TestProgressDashboard::test_increment_completed PASSED [ 48%]
tests/pipeline/test_output_manager.py::TestProgressDashboard::test_render_returns_non_empty_string PASSED [ 48%]
tests/pipeline/test_output_manager.py::TestProgressDashboard::test_render_with_zero_total PASSED [ 48%]
tests/pipeline/test_output_manager.py::TestProgressDashboard::test_render_with_completed PASSED [ 48%]
tests/pipeline/test_output_manager.py::TestProgressDashboard::test_print_progress_does_not_crash PASSED [ 48%]
tests/pipeline/test_output_manager.py::TestProgressDashboard::test_update_from_attack_results_success PASSED [ 48%]
tests/pipeline/test_output_manager.py::TestProgressDashboard::test_update_from_attack_results_mixed PASSED [ 48%]
tests/pipeline/test_output_manager.py::TestProgressDashboard::test_update_from_attack_results_resets_counts PASSED [ 48%]
tests/pipeline/test_output_manager.py::TestProgressDashboard::test_update_from_attack_results_empty_list PASSED [ 48%]
tests/pipeline/test_output_manager.py::TestProgressDashboard::test_update_from_attack_results_none_outcome_skipped PASSED [ 48%]
tests/pipeline/test_output_manager.py::TestProgressDashboard::test_update_from_attack_results_string_outcome PASSED [ 49%]
tests/pipeline/test_output_manager.py::TestProgressDashboard::test_update_from_attack_results_multi_attempt_same_objective PASSED [ 49%]
tests/pipeline/test_output_manager.py::TestProgressPoller::test_init_default_values PASSED [ 49%]
tests/pipeline/test_output_manager.py::TestProgressPoller::test_init_custom_interval PASSED [ 49%]
tests/pipeline/test_output_manager.py::TestProgressPoller::test_start_creates_task PASSED [ 49%]
tests/pipeline/test_output_manager.py::TestProgressPoller::test_start_idempotent PASSED [ 49%]
tests/pipeline/test_output_manager.py::TestProgressPoller::test_stop_cancels_task PASSED [ 49%]
tests/pipeline/test_output_manager.py::TestProgressPoller::test_stop_without_start_no_crash PASSED [ 49%]
tests/pipeline/test_output_manager.py::TestProgressPoller::test_poll_loop_silent_degradation_no_memory PASSED [ 49%]
tests/pipeline/test_output_manager.py::TestProgressPoller::test_poll_loop_updates_dashboard PASSED [ 49%]
tests/pipeline/test_output_manager.py::TestProgressPoller::test_poll_loop_silent_degradation_on_exception PASSED [ 49%]
tests/pipeline/test_output_manager.py::TestProgressPoller::test_poll_loop_stops_on_cancel PASSED [ 49%]
tests/pipeline/test_output_manager.py::TestProgressPoller::test_poll_loop_empty_results_no_update PASSED [ 49%]
tests/pipeline/test_output_manager.py::TestProgressPoller::test_non_intrusive_no_scenario_modification PASSED [ 50%]
tests/pipeline/test_output_manager.py::TestProgressPoller::test_backoff_doubles_interval PASSED [ 50%]
tests/pipeline/test_output_manager.py::TestProgressPoller::test_reset_interval_restores_base PASSED [ 50%]
tests/pipeline/test_output_manager.py::TestProgressPoller::test_no_print_when_completed_unchanged PASSED [ 50%]
tests/pipeline/test_output_manager.py::TestProgressPoller::test_callback_printed_when_completed_changes PASSED [ 50%]
tests/pipeline/test_performance_optimization.py::TestNonRetryableError::test_204_status_code_non_retryable PASSED [ 50%]
tests/pipeline/test_performance_optimization.py::TestNonRetryableError::test_204_empty_response_non_retryable PASSED [ 50%]
tests/pipeline/test_performance_optimization.py::TestNonRetryableError::test_204_empty_response_string_non_retryable PASSED [ 50%]
tests/pipeline/test_performance_optimization.py::TestNonRetryableError::test_empty_response_with_tool_calls_non_retryable PASSED [ 50%]
tests/pipeline/test_performance_optimization.py::TestNonRetryableError::test_429_still_retryable PASSED [ 50%]
tests/pipeline/test_performance_optimization.py::TestNonRetryableError::test_500_still_retryable PASSED [ 50%]
tests/pipeline/test_performance_optimization.py::TestBackoffConfig::test_max_delay_is_30 PASSED [ 50%]
tests/pipeline/test_performance_optimization.py::TestBackoffConfig::test_backoff_capped_at_30 PASSED [ 50%]
tests/pipeline/test_performance_optimization.py::TestApiTimeoutConfig::test_api_timeout_default_60 PASSED [ 50%]
tests/pipeline/test_performance_optimization.py::TestApiTimeoutConfig::test_api_max_retries_default_0 PASSED [ 51%]
tests/pipeline/test_performance_optimization.py::TestApiTimeoutConfig::test_rate_limit_retries_default_2 PASSED [ 51%]
tests/pipeline/test_performance_optimization.py::TestApiTimeoutConfig::test_mock_args_has_api_timeout PASSED [ 51%]
tests/pipeline/test_performance_optimization.py::TestApiTimeoutConfig::test_scorer_timeout_default_30 PASSED [ 51%]
tests/pipeline/test_performance_optimization.py::TestApiTimeoutConfig::test_mock_args_has_scorer_timeout PASSED [ 51%]
tests/pipeline/test_performance_optimization.py::TestDosExclusion::test_dos_dataset_filtered_from_paths PASSED [ 51%]
tests/pipeline/test_performance_optimization.py::TestDosExclusion::test_dos_dataset_kept_when_enabled PASSED [ 51%]
tests/pipeline/test_performance_optimization.py::TestDosExclusion::test_dos_runtime_filter_signatures PASSED [ 51%]
tests/pipeline/test_performance_optimization.py::TestRateLimitedTargetFullCoverage::test_wrap_all_targets_not_just_first PASSED [ 51%]
tests/pipeline/test_performance_optimization.py::TestConfigureApiTimeout::test_function_exists PASSED [ 51%]
tests/pipeline/test_performance_optimization.py::TestConfigureApiTimeout::test_function_uses_native_httpx_client_kwargs PASSED [ 51%]
tests/pipeline/test_phase456_modules.py::TestAudioSteganographyConverter::test_supported_types PASSED [ 51%]
tests/pipeline/test_phase456_modules.py::TestAudioSteganographyConverter::test_convert_basic PASSED [ 51%]
tests/pipeline/test_phase456_modules.py::TestAudioSteganographyConverter::test_convert_unicode PASSED [ 52%]
tests/pipeline/test_phase456_modules.py::TestAudioSteganographyConverter::test_convert_long_prompt PASSED [ 52%]
tests/pipeline/test_phase456_modules.py::TestAudioSteganographyConverter::test_convert_empty_prompt PASSED [ 52%]
tests/pipeline/test_phase456_modules.py::TestAudioSteganographyConverter::test_convert_unsupported_input PASSED [ 52%]
tests/pipeline/test_phase456_modules.py::TestDataPoisoningStructures::test_backdoor_detection_result_to_dict PASSED [ 52%]
tests/pipeline/test_phase456_modules.py::TestDataPoisoningStructures::test_data_poisoning_report_summary PASSED [ 52%]
tests/pipeline/test_phase456_modules.py::TestPIIDetection::test_detect_email PASSED [ 52%]
tests/pipeline/test_phase456_modules.py::TestPIIDetection::test_detect_phone PASSED [ 52%]
tests/pipeline/test_phase456_modules.py::TestPIIDetection::test_detect_ssn PASSED [ 52%]
tests/pipeline/test_phase456_modules.py::TestPIIDetection::test_detect_api_key PASSED [ 52%]
tests/pipeline/test_phase456_modules.py::TestPIIDetection::test_detect_aws_key PASSED [ 52%]
tests/pipeline/test_phase456_modules.py::TestPIIDetection::test_detect_ip_address PASSED [ 52%]
tests/pipeline/test_phase456_modules.py::TestPIIDetection::test_detect_multiple_pii PASSED [ 52%]
tests/pipeline/test_phase456_modules.py::TestPIIDetection::test_detect_no_pii PASSED [ 53%]
tests/pipeline/test_phase456_modules.py::TestPIIDetection::test_pii_masked_value PASSED [ 53%]
tests/pipeline/test_phase456_modules.py::TestPIIDetection::test_pii_extraction_report_risk_score PASSED [ 53%]
tests/pipeline/test_phase456_modules.py::TestPIIDetection::test_pii_report_summary PASSED [ 53%]
tests/pipeline/test_phase456_modules.py::TestVectorManipulationStructures::test_result_to_dict PASSED [ 53%]
tests/pipeline/test_phase456_modules.py::TestVectorManipulationStructures::test_report_summary PASSED [ 53%]
tests/pipeline/test_phase456_modules.py::TestVectorManipulationStructures::test_report_risk_score PASSED [ 53%]
tests/pipeline/test_phase456_modules.py::TestContextBombStructures::test_result_to_dict PASSED [ 53%]
tests/pipeline/test_phase456_modules.py::TestContextBombStructures::test_report_summary PASSED [ 53%]
tests/pipeline/test_phase456_modules.py::TestContextBombStructures::test_report_risk_score PASSED [ 53%]
tests/pipeline/test_phase456_modules.py::TestContextBombStructures::test_prompt_generators PASSED [ 53%]
tests/pipeline/test_phase456_modules.py::TestWeightVerifier::test_verify_single_file PASSED [ 53%]
tests/pipeline/test_phase456_modules.py::TestWeightVerifier::test_verify_single_file_wrong_hash PASSED [ 53%]
tests/pipeline/test_phase456_modules.py::TestWeightVerifier::test_verify_single_file_no_expected PASSED [ 53%]
[...]
tests/pipeline/test_target_classifier.py::TestAPITargetConfigFromUrl::test_from_url_no_api_key PASSED [ 88%]
tests/pipeline/test_target_classifier.py::TestAPITargetConfigFromUrl::test_from_url_infer_model_name PASSED [ 88%]
tests/pipeline/test_target_classifier.py::TestAPITargetConfigFromUrl::test_from_url_with_env PASSED [ 89%]
tests/pipeline/test_target_classifier.py::TestMFADetectionResult::test_empty_result PASSED [ 89%]
tests/pipeline/test_target_classifier.py::TestMFADetectionResult::test_with_otp PASSED [ 89%]
tests/pipeline/test_target_classifier.py::TestMFADetectionResult::test_with_multiple_mfa PASSED [ 89%]
tests/pipeline/test_target_classifier.py::TestParseArgsUnifiedEntry::test_target_url_from_cli PASSED [ 89%]
tests/pipeline/test_target_classifier.py::TestParseArgsUnifiedEntry::test_target_url_from_env PASSED [ 89%]
tests/pipeline/test_target_classifier.py::TestParseArgsUnifiedEntry::test_target_url_from_web_redteam_env PASSED [ 89%]
tests/pipeline/test_target_classifier.py::TestParseArgsUnifiedEntry::test_cli_overrides_env PASSED [ 89%]
tests/pipeline/test_target_classifier.py::TestParseArgsUnifiedEntry::test_load_local_datasets_default_true PASSED [ 89%]
tests/pipeline/test_target_classifier.py::TestParseArgsUnifiedEntry::test_no_local_datasets_disables PASSED [ 89%]
tests/pipeline/test_target_classifier.py::TestParseArgsUnifiedEntry::test_load_owasp_local_backward_compat PASSED [ 89%]
tests/pipeline/test_target_classifier.py::TestParseArgsUnifiedEntry::test_no_owasp_local_backward_compat PASSED [ 89%]
tests/pipeline/test_target_classifier.py::TestParseArgsUnifiedEntry::test_skip_preflight_default_true PASSED [ 89%]
tests/pipeline/test_target_classifier.py::TestParseArgsUnifiedEntry::test_run_preflight_flag PASSED [ 90%]
tests/pipeline/test_target_classifier.py::TestParseArgsUnifiedEntry::test_disable_json_mode_default_false PASSED [ 90%]
tests/pipeline/test_target_classifier.py::TestParseArgsUnifiedEntry::test_disable_json_mode_flag PASSED [ 90%]
tests/pipeline/test_target_classifier.py::TestParseArgsUnifiedEntry::test_target_type_auto_default PASSED [ 90%]
tests/pipeline/test_target_classifier.py::TestParseArgsUnifiedEntry::test_mfa_timeout_default PASSED [ 90%]
tests/pipeline/test_technique_display.py::TestExtractTechniqueFixed::test_many_shot_via_get_attack_strategy_identifier PASSED [ 90%]
tests/pipeline/test_technique_display.py::TestExtractTechniqueFixed::test_crescendo_via_get_attack_strategy_identifier PASSED [ 90%]
tests/pipeline/test_technique_display.py::TestExtractTechniqueFixed::test_prompt_sending_via_get_attack_strategy_identifier PASSED [ 90%]
tests/pipeline/test_technique_display.py::TestExtractTechniqueFixed::test_fallback_to_atomic_attack_identifier_drill_down PASSED [ 90%]
tests/pipeline/test_technique_display.py::TestExtractTechniqueFixed::test_fallback_to_metadata PASSED [ 90%]
tests/pipeline/test_technique_display.py::TestExtractTechniqueFixed::test_unknown_class_name_preserved PASSED [ 90%]
tests/pipeline/test_technique_display.py::TestExtractTechniqueFixed::test_atomic_attack_class_name_filtered PASSED [ 90%]
tests/pipeline/test_technique_display.py::TestExtractTechniqueFixed::test_exception_defensive PASSED [ 90%]
tests/pipeline/test_technique_display.py::TestExtractConverterChainBrief::test_with_converters PASSED [ 90%]
tests/pipeline/test_technique_display.py::TestExtractConverterChainBrief::test_no_converters PASSED [ 91%]
tests/pipeline/test_technique_display.py::TestExtractConverterChainBrief::test_no_identifier PASSED [ 91%]
tests/pipeline/test_technique_display.py::TestExtractConverterChainBrief::test_metadata_fallback PASSED [ 91%]
tests/pipeline/test_technique_display.py::TestExtractConverterChainBrief::test_exception_defensive PASSED [ 91%]
tests/pipeline/test_technique_display.py::TestExtractDatasetFromResult::test_from_atomic_attack_identifier_params PASSED [ 91%]
tests/pipeline/test_technique_display.py::TestExtractDatasetFromResult::test_from_metadata_dataset_name PASSED [ 91%]
tests/pipeline/test_technique_display.py::TestExtractDatasetFromResult::test_from_metadata_display_group PASSED [ 91%]
tests/pipeline/test_technique_display.py::TestExtractDatasetFromResult::test_no_data_returns_empty PASSED [ 91%]
tests/pipeline/test_technique_display.py::TestExtractTechniqueNameWithMapping::test_many_shot_mapping PASSED [ 91%]
tests/pipeline/test_technique_display.py::TestExtractTechniqueNameWithMapping::test_crescendo_mapping PASSED [ 91%]
tests/pipeline/test_technique_display.py::TestExtractTechniqueNameWithMapping::test_unknown_class_preserved PASSED [ 91%]
tests/pipeline/test_technique_display.py::TestExtractTechniqueNameWithMapping::test_no_identifier_returns_unknown PASSED [ 91%]
tests/pipeline/test_technique_display.py::TestExtractTechniqueNameWithMapping::test_converter_variant_concatenation PASSED [ 91%]
tests/pipeline/test_technique_display.py::TestExtractConverterNamesFromResultFixed::test_native_identifier_path PASSED [ 92%]
tests/pipeline/test_technique_display.py::TestExtractConverterNamesFromResultFixed::test_native_identifier_no_converters_falls_to_labels PASSED [ 92%]
tests/pipeline/test_technique_display.py::TestExtractConverterNamesFromResultFixed::test_native_identifier_no_identifier_falls_to_metadata PASSED [ 92%]
tests/pipeline/test_technique_display.py::TestExtractConverterNamesFromResultFixed::test_all_paths_empty_returns_empty PASSED [ 92%]
tests/pipeline/test_technique_display.py::TestMapClassNameToTechnique::test_many_shot PASSED [ 92%]
tests/pipeline/test_technique_display.py::TestMapClassNameToTechnique::test_crescendo PASSED [ 92%]
tests/pipeline/test_technique_display.py::TestMapClassNameToTechnique::test_tap PASSED [ 92%]
tests/pipeline/test_technique_display.py::TestMapClassNameToTechnique::test_prompt_sending PASSED [ 92%]
tests/pipeline/test_technique_display.py::TestMapClassNameToTechnique::test_unknown_returns_none PASSED [ 92%]
tests/pipeline/test_technique_display.py::TestMapClassNameToTechnique::test_atomic_attack_returns_unknown PASSED [ 92%]
tests/pipeline/test_technique_matrix.py::TestBuildTechniqueEffectivenessMatrix::test_empty_results PASSED [ 92%]
tests/pipeline/test_technique_matrix.py::TestBuildTechniqueEffectivenessMatrix::test_single_technique_all_success PASSED [ 92%]
tests/pipeline/test_technique_matrix.py::TestBuildTechniqueEffectivenessMatrix::test_multiple_techniques_sorted_by_asr PASSED [ 92%]
tests/pipeline/test_technique_matrix.py::TestBuildTechniqueEffectivenessMatrix::test_exception_returns_empty PASSED [ 93%]
tests/pipeline/test_technique_matrix.py::TestBuildTechniqueEffectivenessMatrix::test_unknown_technique_included PASSED [ 93%]
tests/pipeline/test_technique_matrix.py::TestIsKnownTechnique::test_known_technique PASSED [ 93%]
tests/pipeline/test_technique_matrix.py::TestIsKnownTechnique::test_dataset_name_rejected PASSED [ 93%]
tests/pipeline/test_technique_matrix.py::TestIsKnownTechnique::test_empty_string PASSED [ 93%]
tests/pipeline/test_technique_matrix.py::TestIsKnownTechnique::test_unknown_string PASSED [ 93%]
tests/pipeline/test_technique_matrix.py::TestGetLatestTechniqueName::test_with_results PASSED [ 93%]
tests/pipeline/test_technique_matrix.py::TestGetLatestTechniqueName::test_no_results PASSED [ 93%]
tests/pipeline/test_technique_matrix.py::TestGetLatestTechniqueName::test_exception_returns_none PASSED [ 93%]
tests/pipeline/test_template_renderer.py::TestJinja2TemplateRenderer::test_init_default_template_dir PASSED [ 93%]
tests/pipeline/test_template_renderer.py::TestJinja2TemplateRenderer::test_init_custom_template_dir PASSED [ 93%]
tests/pipeline/test_template_renderer.py::TestJinja2TemplateRenderer::test_init_with_path_object PASSED [ 93%]
tests/pipeline/test_template_renderer.py::TestJinja2TemplateRenderer::test_has_jinja2_returns_true_when_available PASSED [ 93%]
tests/pipeline/test_template_renderer.py::TestJinja2TemplateRenderer::test_lazy_initialization PASSED [ 93%]
tests/pipeline/test_template_renderer.py::TestJinja2TemplateRenderer::test_lazy_initialization_cached PASSED [ 94%]
tests/pipeline/test_template_renderer.py::TestRenderSync::test_render_html_wrapper_basic PASSED [ 94%]
tests/pipeline/test_template_renderer.py::TestRenderSync::test_render_html_wrapper_with_empty_content PASSED [ 94%]
tests/pipeline/test_template_renderer.py::TestRenderSync::test_render_html_wrapper_contains_css PASSED [ 94%]
tests/pipeline/test_template_renderer.py::TestRenderSync::test_render_evidence_card_basic PASSED [ 94%]
tests/pipeline/test_template_renderer.py::TestRenderSync::test_render_evidence_card_with_owasp PASSED [ 94%]
tests/pipeline/test_template_renderer.py::TestRenderSync::test_render_evidence_card_owasp_asi_badge PASSED [ 94%]
tests/pipeline/test_template_renderer.py::TestRenderSync::test_render_evidence_card_with_attack_chain PASSED [ 94%]
tests/pipeline/test_template_renderer.py::TestRenderSync::test_render_evidence_card_with_converter_log PASSED [ 94%]
tests/pipeline/test_template_renderer.py::TestRenderSync::test_render_evidence_card_with_jailbreak_prompt PASSED [ 94%]
tests/pipeline/test_template_renderer.py::TestRenderSync::test_render_evidence_card_with_harmful_output PASSED [ 94%]
tests/pipeline/test_template_renderer.py::TestRenderSync::test_render_evidence_card_asr_class_high PASSED [ 94%]
tests/pipeline/test_template_renderer.py::TestRenderSync::test_render_evidence_card_asr_class_medium PASSED [ 94%]
tests/pipeline/test_template_renderer.py::TestRenderSync::test_render_evidence_card_asr_class_low PASSED [ 95%]
tests/pipeline/test_template_renderer.py::TestRenderSync::test_render_evidence_card_vulnerability_class PASSED [ 95%]
tests/pipeline/test_template_renderer.py::TestRenderSync::test_render_evidence_card_safe_class_when_zero_asr PASSED [ 95%]
tests/pipeline/test_template_renderer.py::TestRenderSync::test_render_evidence_card_with_arxiv_reference PASSED [ 95%]
tests/pipeline/test_template_renderer.py::TestRenderSync::test_render_evidence_card_minimal_data PASSED [ 95%]
tests/pipeline/test_template_renderer.py::TestRenderSync::test_render_evidence_card_auto_generated_id PASSED [ 95%]
tests/pipeline/test_template_renderer.py::TestRenderAsync::test_render_async_html_wrapper PASSED [ 95%]
tests/pipeline/test_template_renderer.py::TestRenderAsync::test_render_async_evidence_card PASSED [ 95%]
tests/pipeline/test_template_renderer.py::TestFallback::test_render_sync_returns_placeholder_when_jinja2_unavailable PASSED [ 95%]
tests/pipeline/test_template_renderer.py::TestFallback::test_render_async_returns_placeholder_when_jinja2_unavailable PASSED [ 95%]
tests/pipeline/test_template_renderer.py::TestFallback::test_render_sync_handles_template_not_found PASSED [ 95%]
tests/pipeline/test_template_renderer.py::TestFallback::test_has_jinja2_false_when_unavailable PASSED [ 95%]
tests/pipeline/test_template_renderer.py::TestGlobalRenderer::test_get_renderer_returns_instance PASSED [ 95%]
tests/pipeline/test_template_renderer.py::TestGlobalRenderer::test_get_renderer_returns_same_instance PASSED [ 96%]
tests/pipeline/test_unified_auth.py::TestAuthDataExtractorCookiesToHeaders::test_access_token_cookie_to_bearer PASSED [ 96%]
tests/pipeline/test_unified_auth.py::TestAuthDataExtractorCookiesToHeaders::test_jwt_cookie_to_bearer PASSED [ 96%]
tests/pipeline/test_unified_auth.py::TestAuthDataExtractorCookiesToHeaders::test_bearer_cookie_to_bearer PASSED [ 96%]
tests/pipeline/test_unified_auth.py::TestAuthDataExtractorCookiesToHeaders::test_no_auth_cookie PASSED [ 96%]
tests/pipeline/test_unified_auth.py::TestAuthDataExtractorCookiesToHeaders::test_empty_cookies PASSED [ 96%]
tests/pipeline/test_unified_auth.py::TestAuthDataExtractorCookiesToHeaders::test_cookie_with_empty_value PASSED [ 96%]
tests/pipeline/test_unified_auth.py::TestAuthDataExtractorAuthCookies::test_extract_auth_cookies PASSED [ 96%]
tests/pipeline/test_unified_auth.py::TestAuthDataExtractorAuthCookies::test_extract_auth_cookies_empty PASSED [ 96%]
tests/pipeline/test_unified_auth.py::TestAuthDataExtractorExtractFromBrowserContext::test_extract_with_cookies PASSED [ 96%]
tests/pipeline/test_unified_auth.py::TestAuthDataExtractorExtractFromBrowserContext::test_extract_with_local_storage_token PASSED [ 96%]
tests/pipeline/test_unified_auth.py::TestAuthDataExtractorExtractFromBrowserContext::test_extract_no_auth_data PASSED [ 96%]
tests/pipeline/test_unified_auth.py::TestAPIAuthenticatorFromUrl::test_openai_compatible_url PASSED [ 96%]
tests/pipeline/test_unified_auth.py::TestAPIAuthenticatorFromUrl::test_ollama_url_no_key PASSED [ 96%]
tests/pipeline/test_unified_auth.py::TestAPIAuthenticatorFromUrl::test_generic_url_with_key PASSED [ 97%]
tests/pipeline/test_unified_auth.py::TestAPIAuthenticatorFromUrl::test_generic_url_no_key PASSED [ 97%]
tests/pipeline/test_unified_auth.py::TestAPIAuthenticatorForOpenAICompatible::test_with_api_key PASSED [ 97%]
tests/pipeline/test_unified_auth.py::TestAPIAuthenticatorForOpenAICompatible::test_without_api_key PASSED [ 97%]
tests/pipeline/test_unified_auth.py::TestAPIAuthenticatorForOllama::test_default_no_auth PASSED [ 97%]
tests/pipeline/test_unified_auth.py::TestAPIAuthenticatorForOllama::test_with_env_key PASSED [ 97%]
tests/pipeline/test_unified_auth.py::TestAPIAuthenticatorForOllama::test_with_explicit_key PASSED [ 97%]
tests/pipeline/test_unified_auth.py::TestUnifiedAuthOrchestratorAPIFlow::test_api_auth_flow_bearer PASSED [ 97%]
tests/pipeline/test_unified_auth.py::TestUnifiedAuthOrchestratorAPIFlow::test_auth_failure_degradation PASSED [ 97%]
tests/pipeline/test_unified_auth.py::TestUnifiedAuthOrchestratorAPIFlow::test_auth_state_reuse PASSED [ 97%]
tests/pipeline/test_visualization.py::TestPayloadTechniqueMatrix::test_empty_datasets_no_crash PASSED [ 97%]
tests/pipeline/test_visualization.py::TestPayloadTechniqueMatrix::test_with_datasets_and_warm_start PASSED [ 97%]
tests/pipeline/test_visualization.py::TestPayloadTechniqueMatrix::test_with_none_warm_start PASSED [ 97%]
tests/pipeline/test_visualization.py::TestConverterTransformSample::test_empty_map_no_crash PASSED [ 98%]
tests/pipeline/test_visualization.py::TestConverterTransformSample::test_with_converters PASSED [ 98%]
tests/pipeline/test_visualization.py::TestTargetConverterAdaptation::test_no_target_type_no_crash PASSED [ 98%]
tests/pipeline/test_visualization.py::TestTargetConverterAdaptation::test_with_api_target_type PASSED [ 98%]
tests/pipeline/test_visualization.py::TestTargetConverterAdaptation::test_with_web_chat_target_type PASSED [ 98%]
tests/pipeline/test_visualization.py::TestASRFeedbackLoop::test_empty_asr_no_crash PASSED [ 98%]
tests/pipeline/test_visualization.py::TestASRFeedbackLoop::test_with_asr_data PASSED [ 98%]
tests/pipeline/test_visualization.py::Test5LayerDecisionPipeline::test_empty_datasets_no_crash PASSED [ 98%]
tests/pipeline/test_visualization.py::Test5LayerDecisionPipeline::test_with_datasets_and_warm_start PASSED [ 98%]
tests/pipeline/test_visualization.py::Test5LayerDecisionPipeline::test_layer_flow_sections_present PASSED [ 98%]
tests/pipeline/test_visualization.py::TestExtractPayloadFromResult::test_path1_objective PASSED [ 98%]
tests/pipeline/test_visualization.py::TestExtractPayloadFromResult::test_path2_metadata_fallback PASSED [ 98%]
tests/pipeline/test_visualization.py::TestExtractPayloadFromResult::test_all_paths_empty_returns_empty PASSED [ 98%]
tests/pipeline/test_visualization.py::TestExtractConverterNamesFromResult::test_path1_ar_labels PASSED [ 99%]
tests/pipeline/test_visualization.py::TestExtractConverterNamesFromResult::test_path2_metadata_fallback PASSED [ 99%]
tests/pipeline/test_visualization.py::TestExtractConverterNamesFromResult::test_all_paths_empty_returns_empty PASSED [ 99%]
tests/pipeline/test_visualization.py::TestExtractResponseFromResult::test_path1_last_response PASSED [ 99%]
tests/pipeline/test_visualization.py::TestExtractResponseFromResult::test_path2_outcome_reason_fallback PASSED [ 99%]
tests/pipeline/test_visualization.py::TestExtractResponseFromResult::test_path3_outcome_reason_fallback PASSED [ 99%]
tests/pipeline/test_visualization.py::TestExtractResponseFromResult::test_all_paths_empty_returns_empty PASSED [ 99%]
tests/pipeline/test_visualization.py::TestPrintSuccessfulAttackDetails::test_no_successful_attacks_no_crash PASSED [ 99%]
tests/pipeline/test_visualization.py::TestPrintSuccessfulAttackDetails::test_with_successful_attacks PASSED [ 99%]
tests/pipeline/test_visualization.py::TestPrintSuccessfulAttackDetails::test_with_technique_converter_map PASSED [ 99%]
tests/pipeline/test_xpia.py::TestRunXpia::test_run_xpia_insufficient_targets PASSED [ 99%]
tests/pipeline/test_xpia.py::TestRunXpia::test_run_xpia_default_attack_content PASSED [ 99%]
tests/pipeline/test_xpia.py::TestRunXpia::test_run_xpia_custom_attack_content PASSED [ 99%]
tests/pipeline/test_xpia.py::TestRunXpia::test_run_xpia_with_output_manager PASSED [100%]

================================== FAILURES ===================================
__________ TestAttackReadinessBlock5.test_enhancement_delta_with_asr __________
tests\pipeline\test_attack_display.py:347: in test_enhancement_delta_with_asr
    assert "×1.3" in result
E   AssertionError: assert '×1.3' in '—'
________________ TestPrintAttackLoadoutCard.test_normal_output ________________
tests\pipeline\test_stage_initialize_display.py:596: in test_normal_output
    assert "攻击装弹清单" in captured.out
E   assert '攻击装弹清单' in '\n  ╔══════════════════════════════════════════════════════════════════╗\n  ║  攻击武器库 — 技术 × 载荷 × Converter 实例化\n  ╟──────────────────────────────────────────────────────────────────╢\n  ║  [技术分布] many_shot                   1 载荷 | ASR  62% (S) | 多轮迭代 | baseline\n  ║\n  ║  [Converter 管道] many_shot: (直发)\n  ║                   baseline 直发 (无 Converter) | ASR 62% | 熔断: 2次→baseline\n  ║\n  ║  [攻击编排] #01  [many_shot | many_shot]  "Write a guide on bypassing security"\n  ║              Conv: (baseline) | ASR  62% (S) | 链 —\n  ║         (共 1 个, 展示前 1)\n  ║\n  ║  [覆盖] 0/1 增强 (0.0%) | 1 baseline 对照\n  ║       增益预期: —\n  ╚══════════════════════════════════════════════════════════════════╝\n'
E    +  where '\n  ╔══════════════════════════════════════════════════════════════════╗\n  ║  攻击武器库 — 技术 × 载荷 × Converter 实例化\n  ╟──────────────────────────────────────────────────────────────────╢\n  ║  [技术分布] many_shot                   1 载荷 | ASR  62% (S) | 多轮迭代 | baseline\n  ║\n  ║  [Converter 管道] many_shot: (直发)\n  ║                   baseline 直发 (无 Converter) | ASR 62% | 熔断: 2次→baseline\n  ║\n  ║  [攻击编排] #01  [many_shot | many_shot]  "Write a guide on bypassing security"\n  ║              Conv: (baseline) | ASR  62% (S) | 链 —\n  ║         (共 1 个, 展示前 1)\n  ║\n  ║  [覆盖] 0/1 增强 (0.0%) | 1 baseline 对照\n  ║       增益预期: —\n  ╚══════════════════════════════════════════════════════════════════╝\n' = CaptureResult(out='\n  ╔══════════════════════════════════════════════════════════════════╗\n  ║  攻击武器库 — 技术 × 载荷 × Converter 实例化\n  ╟──────────────────────────────────────────────────────────────────╢\n  ║  [技术分布] many_shot                   1 载荷 | ASR  62% (S) | 多轮迭代 | baseline\n  ║\n  ║  [Converter 管道] many_shot: (直发)\n  ║                   baseline 直发 (无 Converter) | ASR 62% | 熔断: 2次→baseline\n  ║\n  ║  [攻击编排] #01  [many_shot | many_shot]  "Write a guide on bypassing security"\n  ║              Conv: (baseline) | ASR  62% (S) | 链 —\n  ║         (共 1 个, 展示前 1)\n  ║\n  ║  [覆盖] 0/1 增强 (0.0%) | 1 baseline 对照\n  ║       增益预期: —\n  ╚══════════════════════════════════════════════════════════════════╝\n', err='').out
=========================== short test summary info ===========================
FAILED tests/pipeline/test_attack_display.py::TestAttackReadinessBlock5::test_enhancement_delta_with_asr
FAILED tests/pipeline/test_stage_initialize_display.py::TestPrintAttackLoadoutCard::test_normal_output
============ 2 failed, 1324 passed, 6 skipped in 69.75s (0:01:09) =============
