============================= test session starts =============================
platform win32 -- Python 3.13.13, pytest-9.1.1, pluggy-1.6.0
rootdir: d:\ÎÄµµ\GitHub\osai\pyrit
configfile: pyproject.toml
plugins: anyio-4.14.1, asyncio-1.4.0, cov-7.1.0
asyncio: mode=Mode.STRICT, debug=False, asyncio_default_fixture_loop_scope=None, asyncio_default_test_loop_scope=function
collected 0 items / 1 error

=================================== ERRORS ====================================
____________ ERROR collecting pyrit_ai300/tests/test_framework.py _____________
ImportError while importing test module 'd:\ÎÄµµ\GitHub\osai\pyrit\pyrit_ai300\tests\test_framework.py'.
Hint: make sure your test modules/packages have valid Python names.
Traceback:
C:\Users\liude\AppData\Local\Programs\Python\Python313\Lib\importlib\__init__.py:88: in import_module
    return _bootstrap._gcd_import(name[level:], package, level)
           ^^^^^^^^^^^^^^^^^^^^^^^^^^^^^^^^^^^^^^^^^^^^^^^^^^^^
pyrit_ai300\__init__.py:39: in <module>
    from .payloads import PayloadManager, classify_payload, classify_payloads
pyrit_ai300\payloads\__init__.py:19: in <module>
    from .payload_classifier import (
E   ImportError: cannot import name 'get_loaded_pattern_info' from 'pyrit_ai300.payloads.payload_classifier' (d:\ÎÄµµ\GitHub\osai\pyrit\pyrit_ai300\payloads\payload_classifier.py)
=========================== short test summary info ===========================
ERROR pyrit_ai300/tests/test_framework.py
!!!!!!!!!!!!!!!!!!! Interrupted: 1 error during collection !!!!!!!!!!!!!!!!!!!!
============================== 1 error in 3.09s ===============================
